2023-11-12 16:45:04,281 Namespace(out_dir='out', frequent=10, eval_interval=1, gpu=False, num_workers=4)
2023-11-12 16:45:04,527 => load 200 samples
2023-11-12 16:45:04,529 => load 200 samples
2023-11-12 16:45:07,960 Epoch: [0][0/200]	Time 3.431s (3.431s)	Speed 9.3 samples/s	Data 2.930s (2.930s)	Loss 2.29206 (2.29206)
2023-11-12 16:45:12,134 Epoch: [0][10/200]	Time 0.416s (0.691s)	Speed 77.0 samples/s	Data 0.000s (0.267s)	Loss 0.71866 (1.43620)
2023-11-12 16:45:16,448 Epoch: [0][20/200]	Time 0.432s (0.568s)	Speed 74.1 samples/s	Data 0.000s (0.140s)	Loss 0.35527 (0.96625)
2023-11-12 16:45:21,638 Epoch: [0][30/200]	Time 0.599s (0.552s)	Speed 53.4 samples/s	Data 0.000s (0.095s)	Loss 0.22545 (0.74028)
2023-11-12 16:45:29,254 Epoch: [0][40/200]	Time 0.859s (0.603s)	Speed 37.3 samples/s	Data 0.000s (0.072s)	Loss 0.23929 (0.61945)
2023-11-12 16:45:33,962 Epoch: [0][50/200]	Time 0.426s (0.577s)	Speed 75.1 samples/s	Data 0.000s (0.058s)	Loss 0.23267 (0.54378)
2023-11-12 16:45:38,553 Epoch: [0][60/200]	Time 0.452s (0.558s)	Speed 70.8 samples/s	Data 0.000s (0.048s)	Loss 0.18890 (0.48985)
2023-11-12 16:45:42,895 Epoch: [0][70/200]	Time 0.445s (0.540s)	Speed 71.9 samples/s	Data 0.000s (0.042s)	Loss 0.28952 (0.45000)
2023-11-12 16:45:47,302 Epoch: [0][80/200]	Time 0.519s (0.528s)	Speed 61.6 samples/s	Data 0.000s (0.036s)	Loss 0.19286 (0.41986)
2023-11-12 16:45:51,732 Epoch: [0][90/200]	Time 0.416s (0.519s)	Speed 76.8 samples/s	Data 0.001s (0.032s)	Loss 0.21213 (0.39552)
2023-11-12 16:45:55,948 Epoch: [0][100/200]	Time 0.427s (0.509s)	Speed 75.0 samples/s	Data 0.000s (0.029s)	Loss 0.21779 (0.37658)
2023-11-12 16:46:00,172 Epoch: [0][110/200]	Time 0.448s (0.501s)	Speed 71.4 samples/s	Data 0.000s (0.027s)	Loss 0.17954 (0.36034)
2023-11-12 16:46:04,484 Epoch: [0][120/200]	Time 0.441s (0.496s)	Speed 72.6 samples/s	Data 0.000s (0.024s)	Loss 0.21233 (0.34914)
2023-11-12 16:46:08,754 Epoch: [0][130/200]	Time 0.414s (0.490s)	Speed 77.3 samples/s	Data 0.000s (0.023s)	Loss 0.17264 (0.33842)
2023-11-12 16:46:13,011 Epoch: [0][140/200]	Time 0.418s (0.486s)	Speed 76.6 samples/s	Data 0.000s (0.021s)	Loss 0.24423 (0.32915)
2023-11-12 16:46:17,146 Epoch: [0][150/200]	Time 0.405s (0.481s)	Speed 79.1 samples/s	Data 0.000s (0.020s)	Loss 0.17891 (0.31960)
2023-11-12 16:46:21,785 Epoch: [0][160/200]	Time 0.506s (0.480s)	Speed 63.3 samples/s	Data 0.000s (0.018s)	Loss 0.17677 (0.31128)
2023-11-12 16:46:26,735 Epoch: [0][170/200]	Time 0.549s (0.481s)	Speed 58.3 samples/s	Data 0.001s (0.017s)	Loss 0.21821 (0.30524)
2023-11-12 16:46:31,322 Epoch: [0][180/200]	Time 0.411s (0.480s)	Speed 77.9 samples/s	Data 0.000s (0.016s)	Loss 0.19252 (0.29912)
2023-11-12 16:46:35,480 Epoch: [0][190/200]	Time 0.423s (0.476s)	Speed 75.6 samples/s	Data 0.000s (0.016s)	Loss 0.17660 (0.29309)
2023-11-12 16:46:41,241 Test: [0/200]	Time 1.785 (1.785)	Loss 0.4375 (0.4375)
2023-11-12 16:46:41,587 Test: [10/200]	Time 0.032 (0.194)	Loss 0.1223 (0.3519)
2023-11-12 16:46:41,937 Test: [20/200]	Time 0.032 (0.118)	Loss 0.2612 (0.3669)
2023-11-12 16:46:42,246 Test: [30/200]	Time 0.030 (0.090)	Loss 0.5260 (0.3737)
2023-11-12 16:46:42,559 Test: [40/200]	Time 0.030 (0.076)	Loss 0.3804 (0.3917)
2023-11-12 16:46:42,885 Test: [50/200]	Time 0.033 (0.067)	Loss 0.4775 (0.3950)
2023-11-12 16:46:43,207 Test: [60/200]	Time 0.031 (0.061)	Loss 0.4832 (0.3937)
2023-11-12 16:46:43,523 Test: [70/200]	Time 0.030 (0.057)	Loss 0.3854 (0.3935)
2023-11-12 16:46:43,838 Test: [80/200]	Time 0.033 (0.054)	Loss 0.5168 (0.3888)
2023-11-12 16:46:44,202 Test: [90/200]	Time 0.048 (0.052)	Loss 0.4849 (0.3930)
2023-11-12 16:46:44,533 Test: [100/200]	Time 0.032 (0.050)	Loss 0.4507 (0.3911)
2023-11-12 16:46:44,868 Test: [110/200]	Time 0.033 (0.049)	Loss 0.4769 (0.3932)
2023-11-12 16:46:45,232 Test: [120/200]	Time 0.031 (0.048)	Loss 0.4761 (0.3897)
2023-11-12 16:46:45,592 Test: [130/200]	Time 0.031 (0.047)	Loss 0.3480 (0.3947)
2023-11-12 16:46:46,013 Test: [140/200]	Time 0.029 (0.046)	Loss 0.3829 (0.3942)
2023-11-12 16:46:46,343 Test: [150/200]	Time 0.030 (0.046)	Loss 0.4254 (0.3930)
2023-11-12 16:46:46,670 Test: [160/200]	Time 0.030 (0.045)	Loss 0.4128 (0.3932)
2023-11-12 16:46:47,011 Test: [170/200]	Time 0.029 (0.044)	Loss 0.2891 (0.3909)
2023-11-12 16:46:47,444 Test: [180/200]	Time 0.039 (0.044)	Loss 0.3162 (0.3880)
2023-11-12 16:46:47,767 Test: [190/200]	Time 0.031 (0.044)	Loss 0.2936 (0.3893)
2023-11-12 16:46:48,734 Mean IoU score: 0.118
2023-11-12 16:46:48,737 => saving checkpoint to out
2023-11-12 16:46:51,447 Epoch: [1][0/200]	Time 2.695s (2.695s)	Speed 11.9 samples/s	Data 2.102s (2.102s)	Loss 0.22178 (0.22178)
2023-11-12 16:46:55,914 Epoch: [1][10/200]	Time 0.458s (0.651s)	Speed 69.8 samples/s	Data 0.000s (0.191s)	Loss 0.19057 (0.18591)
2023-11-12 16:47:00,346 Epoch: [1][20/200]	Time 0.496s (0.552s)	Speed 64.5 samples/s	Data 0.000s (0.100s)	Loss 0.19785 (0.17700)
2023-11-12 16:47:04,778 Epoch: [1][30/200]	Time 0.482s (0.517s)	Speed 66.4 samples/s	Data 0.000s (0.068s)	Loss 0.20068 (0.17990)
2023-11-12 16:47:09,270 Epoch: [1][40/200]	Time 0.413s (0.500s)	Speed 77.4 samples/s	Data 0.000s (0.051s)	Loss 0.19219 (0.18140)
2023-11-12 16:47:13,571 Epoch: [1][50/200]	Time 0.428s (0.487s)	Speed 74.8 samples/s	Data 0.000s (0.041s)	Loss 0.15953 (0.17974)
2023-11-12 16:47:18,093 Epoch: [1][60/200]	Time 0.465s (0.481s)	Speed 68.8 samples/s	Data 0.000s (0.035s)	Loss 0.20318 (0.17848)
2023-11-12 16:47:22,739 Epoch: [1][70/200]	Time 0.438s (0.479s)	Speed 73.1 samples/s	Data 0.000s (0.030s)	Loss 0.18247 (0.17878)
2023-11-12 16:47:27,052 Epoch: [1][80/200]	Time 0.434s (0.473s)	Speed 73.7 samples/s	Data 0.000s (0.026s)	Loss 0.19631 (0.17738)
2023-11-12 16:47:31,228 Epoch: [1][90/200]	Time 0.418s (0.467s)	Speed 76.5 samples/s	Data 0.001s (0.023s)	Loss 0.20067 (0.17608)
2023-11-12 16:47:35,427 Epoch: [1][100/200]	Time 0.429s (0.462s)	Speed 74.6 samples/s	Data 0.001s (0.021s)	Loss 0.13328 (0.17407)
2023-11-12 16:47:41,301 Epoch: [1][110/200]	Time 0.606s (0.473s)	Speed 52.8 samples/s	Data 0.000s (0.019s)	Loss 0.19380 (0.17301)
2023-11-12 16:47:47,790 Epoch: [1][120/200]	Time 0.556s (0.488s)	Speed 57.6 samples/s	Data 0.000s (0.018s)	Loss 0.17526 (0.17199)
2023-11-12 16:47:52,740 Epoch: [1][130/200]	Time 0.422s (0.488s)	Speed 75.9 samples/s	Data 0.000s (0.016s)	Loss 0.13458 (0.17055)
2023-11-12 16:47:57,233 Epoch: [1][140/200]	Time 0.420s (0.486s)	Speed 76.2 samples/s	Data 0.000s (0.015s)	Loss 0.16604 (0.17002)
2023-11-12 16:48:01,410 Epoch: [1][150/200]	Time 0.436s (0.481s)	Speed 73.4 samples/s	Data 0.000s (0.014s)	Loss 0.14123 (0.16843)
2023-11-12 16:48:05,757 Epoch: [1][160/200]	Time 0.451s (0.478s)	Speed 71.0 samples/s	Data 0.000s (0.013s)	Loss 0.13107 (0.16693)
2023-11-12 16:48:12,776 Epoch: [1][170/200]	Time 0.469s (0.491s)	Speed 68.2 samples/s	Data 0.000s (0.013s)	Loss 0.14196 (0.16519)
2023-11-12 16:48:17,373 Epoch: [1][180/200]	Time 0.428s (0.490s)	Speed 74.8 samples/s	Data 0.000s (0.012s)	Loss 0.13360 (0.16315)
2023-11-12 16:48:22,159 Epoch: [1][190/200]	Time 0.510s (0.489s)	Speed 62.7 samples/s	Data 0.000s (0.011s)	Loss 0.09921 (0.16112)
2023-11-12 16:48:28,295 Test: [0/200]	Time 1.837 (1.837)	Loss 0.3021 (0.3021)
2023-11-12 16:48:28,872 Test: [10/200]	Time 0.054 (0.220)	Loss 0.0933 (0.2564)
2023-11-12 16:48:29,468 Test: [20/200]	Time 0.063 (0.143)	Loss 0.1844 (0.2651)
2023-11-12 16:48:29,969 Test: [30/200]	Time 0.029 (0.113)	Loss 0.4036 (0.2711)
2023-11-12 16:48:30,303 Test: [40/200]	Time 0.030 (0.094)	Loss 0.2924 (0.2832)
2023-11-12 16:48:30,661 Test: [50/200]	Time 0.039 (0.082)	Loss 0.3257 (0.2836)
2023-11-12 16:48:30,997 Test: [60/200]	Time 0.031 (0.074)	Loss 0.3263 (0.2853)
2023-11-12 16:48:31,306 Test: [70/200]	Time 0.029 (0.068)	Loss 0.2737 (0.2857)
2023-11-12 16:48:31,644 Test: [80/200]	Time 0.030 (0.064)	Loss 0.3769 (0.2820)
2023-11-12 16:48:31,954 Test: [90/200]	Time 0.030 (0.060)	Loss 0.3881 (0.2851)
2023-11-12 16:48:32,264 Test: [100/200]	Time 0.030 (0.057)	Loss 0.3323 (0.2834)
2023-11-12 16:48:32,575 Test: [110/200]	Time 0.031 (0.055)	Loss 0.3501 (0.2845)
2023-11-12 16:48:32,879 Test: [120/200]	Time 0.031 (0.053)	Loss 0.3600 (0.2814)
2023-11-12 16:48:33,191 Test: [130/200]	Time 0.029 (0.051)	Loss 0.2370 (0.2845)
2023-11-12 16:48:33,539 Test: [140/200]	Time 0.035 (0.050)	Loss 0.2735 (0.2840)
2023-11-12 16:48:33,949 Test: [150/200]	Time 0.036 (0.050)	Loss 0.3235 (0.2824)
2023-11-12 16:48:34,316 Test: [160/200]	Time 0.032 (0.049)	Loss 0.3230 (0.2820)
2023-11-12 16:48:34,651 Test: [170/200]	Time 0.031 (0.048)	Loss 0.2267 (0.2800)
2023-11-12 16:48:34,966 Test: [180/200]	Time 0.030 (0.047)	Loss 0.2455 (0.2780)
2023-11-12 16:48:35,272 Test: [190/200]	Time 0.029 (0.046)	Loss 0.1765 (0.2787)
2023-11-12 16:48:36,300 Mean IoU score: 0.283
2023-11-12 16:48:36,303 => saving checkpoint to out
2023-11-12 16:48:38,790 Epoch: [2][0/200]	Time 2.470s (2.470s)	Speed 13.0 samples/s	Data 1.936s (1.936s)	Loss 0.11960 (0.11960)
2023-11-12 16:48:43,757 Epoch: [2][10/200]	Time 0.496s (0.676s)	Speed 64.6 samples/s	Data 0.000s (0.176s)	Loss 0.12670 (0.11240)
2023-11-12 16:48:48,961 Epoch: [2][20/200]	Time 0.482s (0.602s)	Speed 66.3 samples/s	Data 0.000s (0.092s)	Loss 0.10133 (0.11116)
2023-11-12 16:48:53,460 Epoch: [2][30/200]	Time 0.421s (0.553s)	Speed 76.0 samples/s	Data 0.001s (0.063s)	Loss 0.10411 (0.10797)
2023-11-12 16:48:57,633 Epoch: [2][40/200]	Time 0.415s (0.520s)	Speed 77.1 samples/s	Data 0.000s (0.047s)	Loss 0.09676 (0.10465)
2023-11-12 16:49:02,436 Epoch: [2][50/200]	Time 0.666s (0.512s)	Speed 48.0 samples/s	Data 0.000s (0.038s)	Loss 0.08645 (0.10276)
2023-11-12 16:49:08,618 Epoch: [2][60/200]	Time 0.568s (0.529s)	Speed 56.4 samples/s	Data 0.000s (0.032s)	Loss 0.09833 (0.10060)
2023-11-12 16:49:13,355 Epoch: [2][70/200]	Time 0.444s (0.522s)	Speed 72.1 samples/s	Data 0.000s (0.027s)	Loss 0.06872 (0.09828)
2023-11-12 16:49:17,584 Epoch: [2][80/200]	Time 0.412s (0.509s)	Speed 77.6 samples/s	Data 0.000s (0.024s)	Loss 0.08523 (0.09783)
2023-11-12 16:49:22,026 Epoch: [2][90/200]	Time 0.434s (0.502s)	Speed 73.8 samples/s	Data 0.000s (0.021s)	Loss 0.05480 (0.09643)
2023-11-12 16:49:26,387 Epoch: [2][100/200]	Time 0.444s (0.496s)	Speed 72.1 samples/s	Data 0.000s (0.019s)	Loss 0.08586 (0.09500)
2023-11-12 16:49:30,764 Epoch: [2][110/200]	Time 0.422s (0.490s)	Speed 75.9 samples/s	Data 0.001s (0.018s)	Loss 0.08749 (0.09325)
2023-11-12 16:49:34,949 Epoch: [2][120/200]	Time 0.428s (0.485s)	Speed 74.8 samples/s	Data 0.001s (0.016s)	Loss 0.07318 (0.09178)
2023-11-12 16:49:39,208 Epoch: [2][130/200]	Time 0.411s (0.480s)	Speed 77.9 samples/s	Data 0.000s (0.015s)	Loss 0.08274 (0.09108)
2023-11-12 16:49:43,474 Epoch: [2][140/200]	Time 0.445s (0.476s)	Speed 72.0 samples/s	Data 0.000s (0.014s)	Loss 0.07262 (0.09031)
2023-11-12 16:49:48,275 Epoch: [2][150/200]	Time 0.449s (0.477s)	Speed 71.2 samples/s	Data 0.000s (0.013s)	Loss 0.08876 (0.08940)
2023-11-12 16:49:52,843 Epoch: [2][160/200]	Time 0.446s (0.475s)	Speed 71.7 samples/s	Data 0.000s (0.012s)	Loss 0.06798 (0.08816)
2023-11-12 16:49:56,978 Epoch: [2][170/200]	Time 0.404s (0.472s)	Speed 79.1 samples/s	Data 0.000s (0.012s)	Loss 0.07605 (0.08726)
2023-11-12 16:50:01,125 Epoch: [2][180/200]	Time 0.435s (0.469s)	Speed 73.6 samples/s	Data 0.000s (0.011s)	Loss 0.07287 (0.08618)
2023-11-12 16:50:05,278 Epoch: [2][190/200]	Time 0.418s (0.466s)	Speed 76.6 samples/s	Data 0.000s (0.010s)	Loss 0.07489 (0.08502)
2023-11-12 16:50:11,074 Test: [0/200]	Time 1.769 (1.769)	Loss 0.1774 (0.1774)
2023-11-12 16:50:11,404 Test: [10/200]	Time 0.035 (0.191)	Loss 0.0524 (0.1382)
2023-11-12 16:50:11,712 Test: [20/200]	Time 0.031 (0.115)	Loss 0.0928 (0.1413)
2023-11-12 16:50:12,015 Test: [30/200]	Time 0.030 (0.087)	Loss 0.2346 (0.1525)
2023-11-12 16:50:12,317 Test: [40/200]	Time 0.028 (0.073)	Loss 0.1506 (0.1605)
2023-11-12 16:50:12,635 Test: [50/200]	Time 0.029 (0.065)	Loss 0.2025 (0.1608)
2023-11-12 16:50:12,941 Test: [60/200]	Time 0.030 (0.060)	Loss 0.1904 (0.1637)
2023-11-12 16:50:13,269 Test: [70/200]	Time 0.032 (0.056)	Loss 0.1508 (0.1641)
2023-11-12 16:50:13,596 Test: [80/200]	Time 0.030 (0.053)	Loss 0.2211 (0.1618)
2023-11-12 16:50:13,906 Test: [90/200]	Time 0.030 (0.051)	Loss 0.2162 (0.1634)
2023-11-12 16:50:14,206 Test: [100/200]	Time 0.029 (0.049)	Loss 0.2279 (0.1626)
2023-11-12 16:50:14,515 Test: [110/200]	Time 0.030 (0.047)	Loss 0.2124 (0.1621)
2023-11-12 16:50:14,825 Test: [120/200]	Time 0.032 (0.046)	Loss 0.2210 (0.1602)
2023-11-12 16:50:15,130 Test: [130/200]	Time 0.030 (0.044)	Loss 0.1233 (0.1610)
2023-11-12 16:50:15,441 Test: [140/200]	Time 0.031 (0.044)	Loss 0.1383 (0.1601)
2023-11-12 16:50:15,750 Test: [150/200]	Time 0.030 (0.043)	Loss 0.1675 (0.1586)
2023-11-12 16:50:16,053 Test: [160/200]	Time 0.028 (0.042)	Loss 0.1566 (0.1585)
2023-11-12 16:50:16,360 Test: [170/200]	Time 0.029 (0.041)	Loss 0.1600 (0.1570)
2023-11-12 16:50:16,669 Test: [180/200]	Time 0.030 (0.041)	Loss 0.1095 (0.1555)
2023-11-12 16:50:16,978 Test: [190/200]	Time 0.030 (0.040)	Loss 0.0952 (0.1561)
2023-11-12 16:50:17,894 Mean IoU score: 0.630
2023-11-12 16:50:17,897 => saving checkpoint to out
2023-11-12 16:50:20,289 Epoch: [3][0/200]	Time 2.378s (2.378s)	Speed 13.5 samples/s	Data 1.886s (1.886s)	Loss 0.06013 (0.06013)
2023-11-12 16:50:24,515 Epoch: [3][10/200]	Time 0.411s (0.600s)	Speed 77.8 samples/s	Data 0.000s (0.172s)	Loss 0.05410 (0.05328)
2023-11-12 16:50:28,761 Epoch: [3][20/200]	Time 0.414s (0.517s)	Speed 77.3 samples/s	Data 0.000s (0.090s)	Loss 0.04149 (0.05310)
2023-11-12 16:50:33,022 Epoch: [3][30/200]	Time 0.457s (0.487s)	Speed 70.0 samples/s	Data 0.000s (0.061s)	Loss 0.05453 (0.05067)
2023-11-12 16:50:37,216 Epoch: [3][40/200]	Time 0.445s (0.471s)	Speed 72.0 samples/s	Data 0.000s (0.046s)	Loss 0.04814 (0.04894)
2023-11-12 16:50:41,432 Epoch: [3][50/200]	Time 0.448s (0.461s)	Speed 71.4 samples/s	Data 0.001s (0.037s)	Loss 0.03909 (0.04717)
2023-11-12 16:50:45,565 Epoch: [3][60/200]	Time 0.417s (0.453s)	Speed 76.8 samples/s	Data 0.000s (0.031s)	Loss 0.03697 (0.04556)
2023-11-12 16:50:49,798 Epoch: [3][70/200]	Time 0.426s (0.449s)	Speed 75.1 samples/s	Data 0.000s (0.027s)	Loss 0.03536 (0.04472)
2023-11-12 16:50:54,035 Epoch: [3][80/200]	Time 0.410s (0.446s)	Speed 78.1 samples/s	Data 0.000s (0.024s)	Loss 0.03480 (0.04401)
2023-11-12 16:50:58,197 Epoch: [3][90/200]	Time 0.425s (0.443s)	Speed 75.2 samples/s	Data 0.001s (0.021s)	Loss 0.04077 (0.04315)
2023-11-12 16:51:02,359 Epoch: [3][100/200]	Time 0.414s (0.440s)	Speed 77.4 samples/s	Data 0.000s (0.019s)	Loss 0.03559 (0.04258)
2023-11-12 16:51:06,578 Epoch: [3][110/200]	Time 0.425s (0.438s)	Speed 75.2 samples/s	Data 0.000s (0.017s)	Loss 0.03492 (0.04212)
2023-11-12 16:51:10,971 Epoch: [3][120/200]	Time 0.411s (0.439s)	Speed 77.9 samples/s	Data 0.000s (0.016s)	Loss 0.02879 (0.04142)
2023-11-12 16:51:15,298 Epoch: [3][130/200]	Time 0.501s (0.438s)	Speed 63.8 samples/s	Data 0.000s (0.015s)	Loss 0.03918 (0.04123)
2023-11-12 16:51:19,801 Epoch: [3][140/200]	Time 0.428s (0.439s)	Speed 74.7 samples/s	Data 0.000s (0.014s)	Loss 0.04468 (0.04095)
2023-11-12 16:51:24,174 Epoch: [3][150/200]	Time 0.417s (0.439s)	Speed 76.8 samples/s	Data 0.000s (0.013s)	Loss 0.03953 (0.04089)
2023-11-12 16:51:28,434 Epoch: [3][160/200]	Time 0.408s (0.438s)	Speed 78.5 samples/s	Data 0.000s (0.012s)	Loss 0.02758 (0.04064)
2023-11-12 16:51:32,725 Epoch: [3][170/200]	Time 0.418s (0.438s)	Speed 76.5 samples/s	Data 0.000s (0.011s)	Loss 0.03142 (0.04034)
2023-11-12 16:51:37,209 Epoch: [3][180/200]	Time 0.416s (0.438s)	Speed 76.9 samples/s	Data 0.000s (0.011s)	Loss 0.02844 (0.04005)
2023-11-12 16:51:41,909 Epoch: [3][190/200]	Time 0.399s (0.440s)	Speed 80.1 samples/s	Data 0.000s (0.010s)	Loss 0.03325 (0.03969)
2023-11-12 16:51:48,219 Test: [0/200]	Time 1.861 (1.861)	Loss 0.1142 (0.1142)
2023-11-12 16:51:48,530 Test: [10/200]	Time 0.028 (0.197)	Loss 0.0374 (0.0855)
2023-11-12 16:51:48,849 Test: [20/200]	Time 0.030 (0.119)	Loss 0.0614 (0.0887)
2023-11-12 16:51:49,179 Test: [30/200]	Time 0.031 (0.091)	Loss 0.1331 (0.0953)
2023-11-12 16:51:49,508 Test: [40/200]	Time 0.030 (0.077)	Loss 0.0867 (0.1000)
2023-11-12 16:51:49,852 Test: [50/200]	Time 0.034 (0.069)	Loss 0.1313 (0.0998)
2023-11-12 16:51:50,194 Test: [60/200]	Time 0.032 (0.063)	Loss 0.1098 (0.1022)
2023-11-12 16:51:50,552 Test: [70/200]	Time 0.033 (0.059)	Loss 0.0961 (0.1023)
2023-11-12 16:51:50,895 Test: [80/200]	Time 0.032 (0.056)	Loss 0.0997 (0.1004)
2023-11-12 16:51:51,222 Test: [90/200]	Time 0.031 (0.053)	Loss 0.1251 (0.1020)
2023-11-12 16:51:51,712 Test: [100/200]	Time 0.032 (0.053)	Loss 0.1546 (0.1020)
2023-11-12 16:51:52,031 Test: [110/200]	Time 0.030 (0.051)	Loss 0.1487 (0.1024)
2023-11-12 16:51:52,663 Test: [120/200]	Time 0.056 (0.052)	Loss 0.1306 (0.1010)
2023-11-12 16:51:53,151 Test: [130/200]	Time 0.043 (0.052)	Loss 0.1044 (0.1017)
2023-11-12 16:51:53,644 Test: [140/200]	Time 0.034 (0.052)	Loss 0.0867 (0.1011)
2023-11-12 16:51:54,002 Test: [150/200]	Time 0.037 (0.051)	Loss 0.1085 (0.1001)
2023-11-12 16:51:54,349 Test: [160/200]	Time 0.032 (0.050)	Loss 0.1156 (0.0998)
2023-11-12 16:51:54,670 Test: [170/200]	Time 0.031 (0.049)	Loss 0.0957 (0.0984)
2023-11-12 16:51:54,993 Test: [180/200]	Time 0.034 (0.048)	Loss 0.0753 (0.0978)
2023-11-12 16:51:55,312 Test: [190/200]	Time 0.029 (0.047)	Loss 0.0695 (0.0977)
2023-11-12 16:51:56,448 Mean IoU score: 0.768
2023-11-12 16:51:56,450 => saving checkpoint to out
2023-11-12 16:51:59,303 Epoch: [4][0/200]	Time 2.837s (2.837s)	Speed 11.3 samples/s	Data 1.953s (1.953s)	Loss 0.02686 (0.02686)
2023-11-12 16:52:06,587 Epoch: [4][10/200]	Time 0.438s (0.920s)	Speed 73.0 samples/s	Data 0.001s (0.178s)	Loss 0.01998 (0.03030)
2023-11-12 16:52:11,259 Epoch: [4][20/200]	Time 0.413s (0.704s)	Speed 77.4 samples/s	Data 0.000s (0.093s)	Loss 0.02314 (0.03010)
2023-11-12 16:52:15,492 Epoch: [4][30/200]	Time 0.423s (0.614s)	Speed 75.7 samples/s	Data 0.000s (0.063s)	Loss 0.02461 (0.02927)
2023-11-12 16:52:19,738 Epoch: [4][40/200]	Time 0.420s (0.568s)	Speed 76.2 samples/s	Data 0.000s (0.048s)	Loss 0.02723 (0.02867)
2023-11-12 16:52:23,943 Epoch: [4][50/200]	Time 0.416s (0.539s)	Speed 76.9 samples/s	Data 0.001s (0.039s)	Loss 0.03329 (0.02902)
2023-11-12 16:52:28,215 Epoch: [4][60/200]	Time 0.424s (0.520s)	Speed 75.4 samples/s	Data 0.001s (0.032s)	Loss 0.02298 (0.02860)
2023-11-12 16:52:32,543 Epoch: [4][70/200]	Time 0.439s (0.508s)	Speed 73.0 samples/s	Data 0.000s (0.028s)	Loss 0.02258 (0.02819)
2023-11-12 16:52:36,885 Epoch: [4][80/200]	Time 0.465s (0.499s)	Speed 68.9 samples/s	Data 0.000s (0.024s)	Loss 0.02457 (0.02787)
2023-11-12 16:52:42,833 Epoch: [4][90/200]	Time 0.405s (0.509s)	Speed 79.0 samples/s	Data 0.000s (0.022s)	Loss 0.02298 (0.02783)
2023-11-12 16:52:46,977 Epoch: [4][100/200]	Time 0.415s (0.500s)	Speed 77.2 samples/s	Data 0.000s (0.020s)	Loss 0.02564 (0.02780)
2023-11-12 16:52:51,168 Epoch: [4][110/200]	Time 0.430s (0.493s)	Speed 74.4 samples/s	Data 0.000s (0.018s)	Loss 0.01765 (0.02751)
2023-11-12 16:52:56,556 Epoch: [4][120/200]	Time 0.677s (0.497s)	Speed 47.3 samples/s	Data 0.001s (0.016s)	Loss 0.02907 (0.02740)
2023-11-12 16:53:02,756 Epoch: [4][130/200]	Time 0.422s (0.506s)	Speed 75.9 samples/s	Data 0.000s (0.015s)	Loss 0.02614 (0.02723)
2023-11-12 16:53:07,160 Epoch: [4][140/200]	Time 0.439s (0.501s)	Speed 72.9 samples/s	Data 0.000s (0.014s)	Loss 0.01886 (0.02708)
2023-11-12 16:53:11,844 Epoch: [4][150/200]	Time 0.436s (0.499s)	Speed 73.4 samples/s	Data 0.000s (0.013s)	Loss 0.02182 (0.02688)
2023-11-12 16:53:16,252 Epoch: [4][160/200]	Time 0.418s (0.496s)	Speed 76.6 samples/s	Data 0.000s (0.012s)	Loss 0.03677 (0.02694)
2023-11-12 16:53:20,773 Epoch: [4][170/200]	Time 0.431s (0.493s)	Speed 74.3 samples/s	Data 0.000s (0.012s)	Loss 0.03214 (0.02710)
2023-11-12 16:53:25,277 Epoch: [4][180/200]	Time 0.425s (0.491s)	Speed 75.3 samples/s	Data 0.000s (0.011s)	Loss 0.02304 (0.02707)
2023-11-12 16:53:29,823 Epoch: [4][190/200]	Time 0.413s (0.489s)	Speed 77.4 samples/s	Data 0.001s (0.010s)	Loss 0.02360 (0.02710)
2023-11-12 16:53:37,630 Test: [0/200]	Time 1.868 (1.868)	Loss 0.1327 (0.1327)
2023-11-12 16:53:38,266 Test: [10/200]	Time 0.061 (0.228)	Loss 0.0646 (0.0911)
2023-11-12 16:53:38,860 Test: [20/200]	Time 0.061 (0.147)	Loss 0.0466 (0.0944)
2023-11-12 16:53:39,479 Test: [30/200]	Time 0.066 (0.120)	Loss 0.1253 (0.1040)
2023-11-12 16:53:40,112 Test: [40/200]	Time 0.055 (0.106)	Loss 0.0955 (0.1108)
2023-11-12 16:53:40,726 Test: [50/200]	Time 0.062 (0.097)	Loss 0.1583 (0.1121)
2023-11-12 16:53:41,368 Test: [60/200]	Time 0.065 (0.092)	Loss 0.1250 (0.1151)
2023-11-12 16:53:42,026 Test: [70/200]	Time 0.065 (0.088)	Loss 0.1351 (0.1156)
2023-11-12 16:53:42,638 Test: [80/200]	Time 0.050 (0.085)	Loss 0.1332 (0.1127)
2023-11-12 16:53:43,015 Test: [90/200]	Time 0.033 (0.080)	Loss 0.2022 (0.1144)
2023-11-12 16:53:43,329 Test: [100/200]	Time 0.030 (0.075)	Loss 0.1398 (0.1131)
2023-11-12 16:53:43,656 Test: [110/200]	Time 0.030 (0.071)	Loss 0.1855 (0.1131)
2023-11-12 16:53:43,963 Test: [120/200]	Time 0.030 (0.068)	Loss 0.1282 (0.1115)
2023-11-12 16:53:44,274 Test: [130/200]	Time 0.031 (0.065)	Loss 0.1112 (0.1127)
2023-11-12 16:53:44,587 Test: [140/200]	Time 0.030 (0.063)	Loss 0.0905 (0.1117)
2023-11-12 16:53:44,903 Test: [150/200]	Time 0.031 (0.061)	Loss 0.0851 (0.1100)
2023-11-12 16:53:45,216 Test: [160/200]	Time 0.030 (0.059)	Loss 0.1292 (0.1099)
2023-11-12 16:53:45,541 Test: [170/200]	Time 0.030 (0.057)	Loss 0.1187 (0.1085)
2023-11-12 16:53:45,849 Test: [180/200]	Time 0.029 (0.056)	Loss 0.0959 (0.1073)
2023-11-12 16:53:46,160 Test: [190/200]	Time 0.030 (0.054)	Loss 0.0609 (0.1071)
2023-11-12 16:53:47,114 Mean IoU score: 0.746
2023-11-12 16:53:47,117 => saving checkpoint to out
2023-11-12 16:53:49,532 Epoch: [5][0/200]	Time 2.404s (2.404s)	Speed 13.3 samples/s	Data 1.915s (1.915s)	Loss 0.02383 (0.02383)
2023-11-12 16:53:53,767 Epoch: [5][10/200]	Time 0.431s (0.604s)	Speed 74.3 samples/s	Data 0.000s (0.174s)	Loss 0.02247 (0.02233)
2023-11-12 16:53:57,935 Epoch: [5][20/200]	Time 0.414s (0.515s)	Speed 77.2 samples/s	Data 0.000s (0.091s)	Loss 0.02108 (0.02281)
2023-11-12 16:54:02,116 Epoch: [5][30/200]	Time 0.412s (0.483s)	Speed 77.6 samples/s	Data 0.000s (0.062s)	Loss 0.02123 (0.02208)
2023-11-12 16:54:06,279 Epoch: [5][40/200]	Time 0.413s (0.467s)	Speed 77.5 samples/s	Data 0.001s (0.047s)	Loss 0.02324 (0.02185)
2023-11-12 16:54:10,485 Epoch: [5][50/200]	Time 0.421s (0.458s)	Speed 76.1 samples/s	Data 0.000s (0.038s)	Loss 0.02142 (0.02167)
2023-11-12 16:54:14,690 Epoch: [5][60/200]	Time 0.419s (0.452s)	Speed 76.4 samples/s	Data 0.000s (0.032s)	Loss 0.02440 (0.02152)
2023-11-12 16:54:18,884 Epoch: [5][70/200]	Time 0.411s (0.447s)	Speed 77.8 samples/s	Data 0.000s (0.027s)	Loss 0.02128 (0.02137)
2023-11-12 16:54:23,362 Epoch: [5][80/200]	Time 0.496s (0.447s)	Speed 64.6 samples/s	Data 0.001s (0.024s)	Loss 0.01487 (0.02129)
2023-11-12 16:54:28,789 Epoch: [5][90/200]	Time 0.450s (0.458s)	Speed 71.1 samples/s	Data 0.000s (0.021s)	Loss 0.02110 (0.02127)
2023-11-12 16:54:33,201 Epoch: [5][100/200]	Time 0.424s (0.456s)	Speed 75.4 samples/s	Data 0.000s (0.019s)	Loss 0.01590 (0.02106)
2023-11-12 16:54:37,370 Epoch: [5][110/200]	Time 0.426s (0.453s)	Speed 75.2 samples/s	Data 0.000s (0.017s)	Loss 0.01904 (0.02096)
2023-11-12 16:54:41,554 Epoch: [5][120/200]	Time 0.431s (0.450s)	Speed 74.3 samples/s	Data 0.000s (0.016s)	Loss 0.02335 (0.02095)
2023-11-12 16:54:45,762 Epoch: [5][130/200]	Time 0.413s (0.448s)	Speed 77.5 samples/s	Data 0.000s (0.015s)	Loss 0.01969 (0.02099)
2023-11-12 16:54:49,919 Epoch: [5][140/200]	Time 0.414s (0.445s)	Speed 77.4 samples/s	Data 0.000s (0.014s)	Loss 0.02576 (0.02102)
2023-11-12 16:54:54,056 Epoch: [5][150/200]	Time 0.412s (0.443s)	Speed 77.6 samples/s	Data 0.000s (0.013s)	Loss 0.02156 (0.02100)
2023-11-12 16:54:58,202 Epoch: [5][160/200]	Time 0.413s (0.441s)	Speed 77.5 samples/s	Data 0.000s (0.012s)	Loss 0.02548 (0.02117)
2023-11-12 16:55:03,097 Epoch: [5][170/200]	Time 0.454s (0.444s)	Speed 70.5 samples/s	Data 0.000s (0.011s)	Loss 0.02770 (0.02132)
2023-11-12 16:55:08,155 Epoch: [5][180/200]	Time 0.490s (0.448s)	Speed 65.3 samples/s	Data 0.000s (0.011s)	Loss 0.01901 (0.02128)
2023-11-12 16:55:12,711 Epoch: [5][190/200]	Time 0.422s (0.448s)	Speed 75.9 samples/s	Data 0.001s (0.010s)	Loss 0.01773 (0.02130)
2023-11-12 16:55:18,538 Test: [0/200]	Time 1.786 (1.786)	Loss 0.0958 (0.0958)
2023-11-12 16:55:18,840 Test: [10/200]	Time 0.028 (0.190)	Loss 0.0227 (0.0690)
2023-11-12 16:55:19,153 Test: [20/200]	Time 0.031 (0.114)	Loss 0.0419 (0.0734)
2023-11-12 16:55:19,461 Test: [30/200]	Time 0.030 (0.087)	Loss 0.1018 (0.0804)
2023-11-12 16:55:19,779 Test: [40/200]	Time 0.031 (0.074)	Loss 0.0630 (0.0836)
2023-11-12 16:55:20,085 Test: [50/200]	Time 0.030 (0.065)	Loss 0.1043 (0.0837)
2023-11-12 16:55:20,402 Test: [60/200]	Time 0.037 (0.060)	Loss 0.0793 (0.0857)
2023-11-12 16:55:20,722 Test: [70/200]	Time 0.030 (0.056)	Loss 0.0755 (0.0867)
2023-11-12 16:55:21,057 Test: [80/200]	Time 0.030 (0.053)	Loss 0.0820 (0.0849)
2023-11-12 16:55:21,375 Test: [90/200]	Time 0.032 (0.051)	Loss 0.0932 (0.0869)
2023-11-12 16:55:21,705 Test: [100/200]	Time 0.031 (0.049)	Loss 0.1090 (0.0864)
2023-11-12 16:55:22,039 Test: [110/200]	Time 0.030 (0.048)	Loss 0.1705 (0.0874)
2023-11-12 16:55:22,350 Test: [120/200]	Time 0.030 (0.046)	Loss 0.1040 (0.0855)
2023-11-12 16:55:22,679 Test: [130/200]	Time 0.030 (0.045)	Loss 0.0761 (0.0860)
2023-11-12 16:55:22,996 Test: [140/200]	Time 0.030 (0.044)	Loss 0.0651 (0.0853)
2023-11-12 16:55:23,304 Test: [150/200]	Time 0.029 (0.043)	Loss 0.0950 (0.0846)
2023-11-12 16:55:23,614 Test: [160/200]	Time 0.030 (0.043)	Loss 0.1014 (0.0847)
2023-11-12 16:55:23,917 Test: [170/200]	Time 0.028 (0.042)	Loss 0.0932 (0.0835)
2023-11-12 16:55:24,240 Test: [180/200]	Time 0.029 (0.041)	Loss 0.0608 (0.0830)
2023-11-12 16:55:24,548 Test: [190/200]	Time 0.030 (0.041)	Loss 0.0501 (0.0827)
2023-11-12 16:55:25,448 Mean IoU score: 0.806
2023-11-12 16:55:25,452 => saving checkpoint to out
2023-11-12 16:55:27,830 Epoch: [6][0/200]	Time 2.365s (2.365s)	Speed 13.5 samples/s	Data 1.874s (1.874s)	Loss 0.02162 (0.02162)
2023-11-12 16:55:32,067 Epoch: [6][10/200]	Time 0.403s (0.600s)	Speed 79.5 samples/s	Data 0.000s (0.170s)	Loss 0.02101 (0.01954)
2023-11-12 16:55:36,201 Epoch: [6][20/200]	Time 0.411s (0.511s)	Speed 77.9 samples/s	Data 0.000s (0.089s)	Loss 0.01835 (0.01986)
2023-11-12 16:55:40,325 Epoch: [6][30/200]	Time 0.415s (0.479s)	Speed 77.1 samples/s	Data 0.000s (0.061s)	Loss 0.01765 (0.02014)
2023-11-12 16:55:44,403 Epoch: [6][40/200]	Time 0.413s (0.462s)	Speed 77.4 samples/s	Data 0.000s (0.046s)	Loss 0.02105 (0.01974)
2023-11-12 16:55:48,578 Epoch: [6][50/200]	Time 0.408s (0.453s)	Speed 78.5 samples/s	Data 0.000s (0.037s)	Loss 0.02174 (0.01975)
2023-11-12 16:55:54,221 Epoch: [6][60/200]	Time 0.748s (0.471s)	Speed 42.8 samples/s	Data 0.000s (0.031s)	Loss 0.01842 (0.01953)
2023-11-12 16:56:00,266 Epoch: [6][70/200]	Time 0.573s (0.490s)	Speed 55.8 samples/s	Data 0.000s (0.027s)	Loss 0.01977 (0.01944)
2023-11-12 16:56:05,927 Epoch: [6][80/200]	Time 0.555s (0.500s)	Speed 57.7 samples/s	Data 0.000s (0.023s)	Loss 0.02491 (0.01952)
2023-11-12 16:56:11,197 Epoch: [6][90/200]	Time 0.502s (0.503s)	Speed 63.7 samples/s	Data 0.000s (0.021s)	Loss 0.01605 (0.01934)
2023-11-12 16:56:15,387 Epoch: [6][100/200]	Time 0.417s (0.494s)	Speed 76.8 samples/s	Data 0.000s (0.019s)	Loss 0.01905 (0.01922)
2023-11-12 16:56:19,452 Epoch: [6][110/200]	Time 0.401s (0.486s)	Speed 79.8 samples/s	Data 0.000s (0.017s)	Loss 0.01521 (0.01908)
2023-11-12 16:56:23,514 Epoch: [6][120/200]	Time 0.415s (0.480s)	Speed 77.1 samples/s	Data 0.000s (0.016s)	Loss 0.01796 (0.01908)
2023-11-12 16:56:27,605 Epoch: [6][130/200]	Time 0.405s (0.474s)	Speed 79.0 samples/s	Data 0.001s (0.014s)	Loss 0.01549 (0.01891)
2023-11-12 16:56:31,705 Epoch: [6][140/200]	Time 0.418s (0.470s)	Speed 76.6 samples/s	Data 0.001s (0.013s)	Loss 0.01921 (0.01890)
2023-11-12 16:56:35,772 Epoch: [6][150/200]	Time 0.408s (0.466s)	Speed 78.4 samples/s	Data 0.000s (0.013s)	Loss 0.01639 (0.01882)
2023-11-12 16:56:39,863 Epoch: [6][160/200]	Time 0.408s (0.462s)	Speed 78.4 samples/s	Data 0.000s (0.012s)	Loss 0.02200 (0.01881)
2023-11-12 16:56:43,970 Epoch: [6][170/200]	Time 0.404s (0.459s)	Speed 79.2 samples/s	Data 0.000s (0.011s)	Loss 0.01627 (0.01872)
2023-11-12 16:56:48,091 Epoch: [6][180/200]	Time 0.410s (0.456s)	Speed 78.1 samples/s	Data 0.000s (0.011s)	Loss 0.01859 (0.01873)
2023-11-12 16:56:52,181 Epoch: [6][190/200]	Time 0.409s (0.454s)	Speed 78.3 samples/s	Data 0.000s (0.010s)	Loss 0.02053 (0.01874)
2023-11-12 16:56:57,914 Test: [0/200]	Time 1.785 (1.785)	Loss 0.1118 (0.1118)
2023-11-12 16:56:58,221 Test: [10/200]	Time 0.029 (0.190)	Loss 0.0143 (0.0751)
2023-11-12 16:56:58,528 Test: [20/200]	Time 0.028 (0.114)	Loss 0.0447 (0.0766)
2023-11-12 16:56:58,840 Test: [30/200]	Time 0.034 (0.087)	Loss 0.1251 (0.0839)
2023-11-12 16:56:59,163 Test: [40/200]	Time 0.031 (0.074)	Loss 0.0624 (0.0850)
2023-11-12 16:56:59,485 Test: [50/200]	Time 0.030 (0.066)	Loss 0.1116 (0.0860)
2023-11-12 16:56:59,790 Test: [60/200]	Time 0.031 (0.060)	Loss 0.0969 (0.0890)
2023-11-12 16:57:00,101 Test: [70/200]	Time 0.030 (0.056)	Loss 0.0869 (0.0886)
2023-11-12 16:57:00,410 Test: [80/200]	Time 0.031 (0.053)	Loss 0.0809 (0.0872)
2023-11-12 16:57:00,744 Test: [90/200]	Time 0.033 (0.051)	Loss 0.1040 (0.0885)
2023-11-12 16:57:01,057 Test: [100/200]	Time 0.030 (0.049)	Loss 0.1011 (0.0880)
2023-11-12 16:57:01,411 Test: [110/200]	Time 0.031 (0.048)	Loss 0.1883 (0.0890)
2023-11-12 16:57:01,723 Test: [120/200]	Time 0.030 (0.046)	Loss 0.1020 (0.0873)
2023-11-12 16:57:02,042 Test: [130/200]	Time 0.035 (0.045)	Loss 0.0648 (0.0883)
2023-11-12 16:57:02,353 Test: [140/200]	Time 0.030 (0.044)	Loss 0.0691 (0.0875)
2023-11-12 16:57:02,662 Test: [150/200]	Time 0.032 (0.043)	Loss 0.0693 (0.0865)
2023-11-12 16:57:02,981 Test: [160/200]	Time 0.028 (0.043)	Loss 0.1034 (0.0861)
2023-11-12 16:57:03,298 Test: [170/200]	Time 0.031 (0.042)	Loss 0.0929 (0.0851)
2023-11-12 16:57:03,604 Test: [180/200]	Time 0.030 (0.041)	Loss 0.0573 (0.0842)
2023-11-12 16:57:03,913 Test: [190/200]	Time 0.030 (0.041)	Loss 0.0421 (0.0842)
2023-11-12 16:57:04,813 Mean IoU score: 0.804
2023-11-12 16:57:04,816 => saving checkpoint to out
2023-11-12 16:57:07,200 Epoch: [7][0/200]	Time 2.371s (2.371s)	Speed 13.5 samples/s	Data 1.933s (1.933s)	Loss 0.01954 (0.01954)
2023-11-12 16:57:11,328 Epoch: [7][10/200]	Time 0.405s (0.591s)	Speed 79.0 samples/s	Data 0.000s (0.176s)	Loss 0.01699 (0.01744)
2023-11-12 16:57:15,413 Epoch: [7][20/200]	Time 0.405s (0.504s)	Speed 79.1 samples/s	Data 0.000s (0.092s)	Loss 0.01264 (0.01697)
2023-11-12 16:57:19,513 Epoch: [7][30/200]	Time 0.407s (0.474s)	Speed 78.6 samples/s	Data 0.000s (0.063s)	Loss 0.01534 (0.01690)
2023-11-12 16:57:23,607 Epoch: [7][40/200]	Time 0.409s (0.458s)	Speed 78.2 samples/s	Data 0.000s (0.047s)	Loss 0.01742 (0.01648)
2023-11-12 16:57:27,696 Epoch: [7][50/200]	Time 0.411s (0.448s)	Speed 77.8 samples/s	Data 0.000s (0.038s)	Loss 0.01761 (0.01683)
2023-11-12 16:57:31,781 Epoch: [7][60/200]	Time 0.413s (0.442s)	Speed 77.5 samples/s	Data 0.000s (0.032s)	Loss 0.01488 (0.01668)
2023-11-12 16:57:35,902 Epoch: [7][70/200]	Time 0.405s (0.438s)	Speed 79.0 samples/s	Data 0.000s (0.028s)	Loss 0.01778 (0.01670)
2023-11-12 16:57:39,991 Epoch: [7][80/200]	Time 0.404s (0.434s)	Speed 79.3 samples/s	Data 0.000s (0.024s)	Loss 0.01820 (0.01666)
2023-11-12 16:57:44,065 Epoch: [7][90/200]	Time 0.407s (0.431s)	Speed 78.5 samples/s	Data 0.000s (0.021s)	Loss 0.01737 (0.01653)
2023-11-12 16:57:48,125 Epoch: [7][100/200]	Time 0.402s (0.429s)	Speed 79.6 samples/s	Data 0.000s (0.019s)	Loss 0.01786 (0.01647)
2023-11-12 16:57:52,205 Epoch: [7][110/200]	Time 0.405s (0.427s)	Speed 79.0 samples/s	Data 0.000s (0.018s)	Loss 0.01835 (0.01643)
2023-11-12 16:57:56,292 Epoch: [7][120/200]	Time 0.410s (0.425s)	Speed 78.1 samples/s	Data 0.000s (0.016s)	Loss 0.01736 (0.01642)
2023-11-12 16:58:00,431 Epoch: [7][130/200]	Time 0.422s (0.424s)	Speed 75.7 samples/s	Data 0.000s (0.015s)	Loss 0.01996 (0.01642)
2023-11-12 16:58:04,583 Epoch: [7][140/200]	Time 0.415s (0.424s)	Speed 77.1 samples/s	Data 0.000s (0.014s)	Loss 0.01542 (0.01629)
2023-11-12 16:58:08,662 Epoch: [7][150/200]	Time 0.402s (0.423s)	Speed 79.6 samples/s	Data 0.000s (0.013s)	Loss 0.01499 (0.01621)
2023-11-12 16:58:12,764 Epoch: [7][160/200]	Time 0.414s (0.422s)	Speed 77.4 samples/s	Data 0.000s (0.012s)	Loss 0.01780 (0.01620)
2023-11-12 16:58:16,894 Epoch: [7][170/200]	Time 0.418s (0.421s)	Speed 76.6 samples/s	Data 0.000s (0.012s)	Loss 0.01769 (0.01622)
2023-11-12 16:58:21,170 Epoch: [7][180/200]	Time 0.420s (0.422s)	Speed 76.2 samples/s	Data 0.000s (0.011s)	Loss 0.01832 (0.01617)
2023-11-12 16:58:25,369 Epoch: [7][190/200]	Time 0.427s (0.422s)	Speed 75.0 samples/s	Data 0.000s (0.010s)	Loss 0.01638 (0.01615)
2023-11-12 16:58:31,203 Test: [0/200]	Time 1.799 (1.799)	Loss 0.1288 (0.1288)
2023-11-12 16:58:31,521 Test: [10/200]	Time 0.030 (0.192)	Loss 0.0119 (0.0652)
2023-11-12 16:58:31,821 Test: [20/200]	Time 0.028 (0.115)	Loss 0.0420 (0.0659)
2023-11-12 16:58:32,127 Test: [30/200]	Time 0.030 (0.088)	Loss 0.1032 (0.0728)
2023-11-12 16:58:32,442 Test: [40/200]	Time 0.032 (0.074)	Loss 0.0572 (0.0753)
2023-11-12 16:58:32,750 Test: [50/200]	Time 0.030 (0.066)	Loss 0.1086 (0.0748)
2023-11-12 16:58:33,068 Test: [60/200]	Time 0.031 (0.060)	Loss 0.0913 (0.0769)
2023-11-12 16:58:33,384 Test: [70/200]	Time 0.037 (0.056)	Loss 0.0763 (0.0776)
2023-11-12 16:58:33,684 Test: [80/200]	Time 0.028 (0.053)	Loss 0.0849 (0.0761)
2023-11-12 16:58:33,984 Test: [90/200]	Time 0.029 (0.050)	Loss 0.0849 (0.0772)
2023-11-12 16:58:34,291 Test: [100/200]	Time 0.030 (0.048)	Loss 0.0867 (0.0760)
2023-11-12 16:58:34,605 Test: [110/200]	Time 0.034 (0.047)	Loss 0.1494 (0.0767)
2023-11-12 16:58:34,914 Test: [120/200]	Time 0.029 (0.046)	Loss 0.0908 (0.0752)
2023-11-12 16:58:35,222 Test: [130/200]	Time 0.030 (0.044)	Loss 0.0640 (0.0758)
2023-11-12 16:58:35,539 Test: [140/200]	Time 0.030 (0.044)	Loss 0.0580 (0.0753)
2023-11-12 16:58:35,845 Test: [150/200]	Time 0.030 (0.043)	Loss 0.0720 (0.0747)
2023-11-12 16:58:36,194 Test: [160/200]	Time 0.029 (0.042)	Loss 0.0789 (0.0743)
2023-11-12 16:58:36,615 Test: [170/200]	Time 0.033 (0.042)	Loss 0.0690 (0.0735)
2023-11-12 16:58:37,000 Test: [180/200]	Time 0.056 (0.042)	Loss 0.0411 (0.0728)
2023-11-12 16:58:37,328 Test: [190/200]	Time 0.035 (0.041)	Loss 0.0389 (0.0725)
2023-11-12 16:58:38,439 Mean IoU score: 0.826
2023-11-12 16:58:38,442 => saving checkpoint to out
2023-11-12 16:58:40,877 Epoch: [8][0/200]	Time 2.421s (2.421s)	Speed 13.2 samples/s	Data 1.939s (1.939s)	Loss 0.01183 (0.01183)
2023-11-12 16:58:45,250 Epoch: [8][10/200]	Time 0.425s (0.618s)	Speed 75.2 samples/s	Data 0.001s (0.177s)	Loss 0.01644 (0.01605)
2023-11-12 16:58:49,506 Epoch: [8][20/200]	Time 0.435s (0.526s)	Speed 73.5 samples/s	Data 0.000s (0.093s)	Loss 0.02035 (0.01604)
2023-11-12 16:58:53,656 Epoch: [8][30/200]	Time 0.413s (0.490s)	Speed 77.5 samples/s	Data 0.000s (0.063s)	Loss 0.01897 (0.01592)
2023-11-12 16:58:57,758 Epoch: [8][40/200]	Time 0.413s (0.471s)	Speed 77.6 samples/s	Data 0.000s (0.047s)	Loss 0.01361 (0.01565)
2023-11-12 16:59:01,850 Epoch: [8][50/200]	Time 0.413s (0.459s)	Speed 77.6 samples/s	Data 0.000s (0.038s)	Loss 0.01328 (0.01540)
2023-11-12 16:59:06,096 Epoch: [8][60/200]	Time 0.439s (0.453s)	Speed 72.9 samples/s	Data 0.000s (0.032s)	Loss 0.01603 (0.01542)
2023-11-12 16:59:10,275 Epoch: [8][70/200]	Time 0.425s (0.448s)	Speed 75.3 samples/s	Data 0.000s (0.028s)	Loss 0.02025 (0.01537)
2023-11-12 16:59:14,416 Epoch: [8][80/200]	Time 0.412s (0.444s)	Speed 77.7 samples/s	Data 0.000s (0.024s)	Loss 0.02106 (0.01518)
2023-11-12 16:59:18,560 Epoch: [8][90/200]	Time 0.414s (0.441s)	Speed 77.2 samples/s	Data 0.000s (0.022s)	Loss 0.01357 (0.01509)
2023-11-12 16:59:22,710 Epoch: [8][100/200]	Time 0.410s (0.438s)	Speed 78.1 samples/s	Data 0.000s (0.019s)	Loss 0.01742 (0.01515)
2023-11-12 16:59:26,833 Epoch: [8][110/200]	Time 0.411s (0.436s)	Speed 77.8 samples/s	Data 0.000s (0.018s)	Loss 0.01521 (0.01507)
2023-11-12 16:59:30,919 Epoch: [8][120/200]	Time 0.392s (0.434s)	Speed 81.7 samples/s	Data 0.000s (0.016s)	Loss 0.01381 (0.01500)
2023-11-12 16:59:34,967 Epoch: [8][130/200]	Time 0.404s (0.431s)	Speed 79.2 samples/s	Data 0.000s (0.015s)	Loss 0.01450 (0.01487)
2023-11-12 16:59:39,049 Epoch: [8][140/200]	Time 0.416s (0.430s)	Speed 77.0 samples/s	Data 0.000s (0.014s)	Loss 0.01774 (0.01489)
2023-11-12 16:59:43,136 Epoch: [8][150/200]	Time 0.404s (0.428s)	Speed 79.2 samples/s	Data 0.000s (0.013s)	Loss 0.01041 (0.01485)
2023-11-12 16:59:47,198 Epoch: [8][160/200]	Time 0.401s (0.427s)	Speed 79.9 samples/s	Data 0.000s (0.012s)	Loss 0.01343 (0.01486)
2023-11-12 16:59:51,322 Epoch: [8][170/200]	Time 0.408s (0.426s)	Speed 78.5 samples/s	Data 0.000s (0.012s)	Loss 0.01398 (0.01481)
2023-11-12 16:59:55,389 Epoch: [8][180/200]	Time 0.411s (0.425s)	Speed 77.9 samples/s	Data 0.000s (0.011s)	Loss 0.01453 (0.01481)
2023-11-12 17:00:00,486 Epoch: [8][190/200]	Time 0.486s (0.429s)	Speed 65.9 samples/s	Data 0.001s (0.010s)	Loss 0.01606 (0.01481)
2023-11-12 17:00:06,506 Test: [0/200]	Time 1.759 (1.759)	Loss 0.0968 (0.0968)
2023-11-12 17:00:06,850 Test: [10/200]	Time 0.033 (0.191)	Loss 0.0133 (0.0610)
2023-11-12 17:00:07,173 Test: [20/200]	Time 0.041 (0.115)	Loss 0.0350 (0.0640)
2023-11-12 17:00:07,513 Test: [30/200]	Time 0.030 (0.089)	Loss 0.0864 (0.0700)
2023-11-12 17:00:07,836 Test: [40/200]	Time 0.032 (0.075)	Loss 0.0594 (0.0724)
2023-11-12 17:00:08,148 Test: [50/200]	Time 0.030 (0.067)	Loss 0.1017 (0.0723)
2023-11-12 17:00:08,514 Test: [60/200]	Time 0.038 (0.062)	Loss 0.0963 (0.0749)
2023-11-12 17:00:08,837 Test: [70/200]	Time 0.031 (0.058)	Loss 0.0678 (0.0756)
2023-11-12 17:00:09,144 Test: [80/200]	Time 0.036 (0.054)	Loss 0.0828 (0.0741)
2023-11-12 17:00:09,465 Test: [90/200]	Time 0.030 (0.052)	Loss 0.0844 (0.0753)
2023-11-12 17:00:09,811 Test: [100/200]	Time 0.032 (0.050)	Loss 0.0844 (0.0742)
2023-11-12 17:00:10,122 Test: [110/200]	Time 0.028 (0.048)	Loss 0.1558 (0.0746)
2023-11-12 17:00:10,491 Test: [120/200]	Time 0.055 (0.047)	Loss 0.0889 (0.0731)
2023-11-12 17:00:10,868 Test: [130/200]	Time 0.040 (0.047)	Loss 0.0589 (0.0733)
2023-11-12 17:00:11,214 Test: [140/200]	Time 0.035 (0.046)	Loss 0.0638 (0.0731)
2023-11-12 17:00:11,552 Test: [150/200]	Time 0.033 (0.045)	Loss 0.0764 (0.0723)
2023-11-12 17:00:11,907 Test: [160/200]	Time 0.034 (0.044)	Loss 0.0761 (0.0721)
2023-11-12 17:00:12,233 Test: [170/200]	Time 0.030 (0.044)	Loss 0.0676 (0.0712)
2023-11-12 17:00:12,552 Test: [180/200]	Time 0.030 (0.043)	Loss 0.0380 (0.0703)
2023-11-12 17:00:12,888 Test: [190/200]	Time 0.031 (0.043)	Loss 0.0348 (0.0701)
2023-11-12 17:00:13,900 Mean IoU score: 0.832
2023-11-12 17:00:13,902 => saving checkpoint to out
2023-11-12 17:00:16,397 Epoch: [9][0/200]	Time 2.479s (2.479s)	Speed 12.9 samples/s	Data 1.906s (1.906s)	Loss 0.01629 (0.01629)
2023-11-12 17:00:20,883 Epoch: [9][10/200]	Time 0.431s (0.633s)	Speed 74.3 samples/s	Data 0.000s (0.173s)	Loss 0.01372 (0.01362)
2023-11-12 17:00:25,411 Epoch: [9][20/200]	Time 0.405s (0.547s)	Speed 79.0 samples/s	Data 0.001s (0.091s)	Loss 0.01654 (0.01383)
2023-11-12 17:00:29,676 Epoch: [9][30/200]	Time 0.427s (0.508s)	Speed 74.9 samples/s	Data 0.001s (0.062s)	Loss 0.01313 (0.01377)
2023-11-12 17:00:33,826 Epoch: [9][40/200]	Time 0.408s (0.486s)	Speed 78.5 samples/s	Data 0.001s (0.047s)	Loss 0.01202 (0.01365)
2023-11-12 17:00:37,931 Epoch: [9][50/200]	Time 0.413s (0.471s)	Speed 77.4 samples/s	Data 0.000s (0.038s)	Loss 0.01276 (0.01364)
2023-11-12 17:00:42,074 Epoch: [9][60/200]	Time 0.420s (0.462s)	Speed 76.2 samples/s	Data 0.000s (0.031s)	Loss 0.01570 (0.01349)
2023-11-12 17:00:46,262 Epoch: [9][70/200]	Time 0.424s (0.456s)	Speed 75.5 samples/s	Data 0.000s (0.027s)	Loss 0.01585 (0.01362)
2023-11-12 17:00:50,406 Epoch: [9][80/200]	Time 0.417s (0.450s)	Speed 76.8 samples/s	Data 0.000s (0.024s)	Loss 0.01306 (0.01365)
2023-11-12 17:00:54,550 Epoch: [9][90/200]	Time 0.417s (0.447s)	Speed 76.7 samples/s	Data 0.000s (0.021s)	Loss 0.01361 (0.01354)
2023-11-12 17:00:58,729 Epoch: [9][100/200]	Time 0.415s (0.444s)	Speed 77.2 samples/s	Data 0.001s (0.019s)	Loss 0.01020 (0.01346)
2023-11-12 17:01:02,957 Epoch: [9][110/200]	Time 0.420s (0.442s)	Speed 76.2 samples/s	Data 0.000s (0.017s)	Loss 0.01123 (0.01334)
2023-11-12 17:01:07,170 Epoch: [9][120/200]	Time 0.428s (0.440s)	Speed 74.8 samples/s	Data 0.000s (0.016s)	Loss 0.00910 (0.01331)
2023-11-12 17:01:11,361 Epoch: [9][130/200]	Time 0.408s (0.438s)	Speed 78.4 samples/s	Data 0.000s (0.015s)	Loss 0.01120 (0.01333)
2023-11-12 17:01:15,549 Epoch: [9][140/200]	Time 0.418s (0.437s)	Speed 76.6 samples/s	Data 0.000s (0.014s)	Loss 0.00926 (0.01318)
2023-11-12 17:01:19,743 Epoch: [9][150/200]	Time 0.418s (0.436s)	Speed 76.6 samples/s	Data 0.000s (0.013s)	Loss 0.01378 (0.01325)
2023-11-12 17:01:23,946 Epoch: [9][160/200]	Time 0.415s (0.435s)	Speed 77.0 samples/s	Data 0.000s (0.012s)	Loss 0.01350 (0.01326)
2023-11-12 17:01:28,153 Epoch: [9][170/200]	Time 0.441s (0.434s)	Speed 72.6 samples/s	Data 0.000s (0.011s)	Loss 0.01565 (0.01325)
2023-11-12 17:01:32,352 Epoch: [9][180/200]	Time 0.416s (0.433s)	Speed 76.9 samples/s	Data 0.001s (0.011s)	Loss 0.01085 (0.01321)
2023-11-12 17:01:36,517 Epoch: [9][190/200]	Time 0.421s (0.432s)	Speed 76.1 samples/s	Data 0.001s (0.010s)	Loss 0.01296 (0.01321)
2023-11-12 17:01:42,374 Test: [0/200]	Time 1.822 (1.822)	Loss 0.0916 (0.0916)
2023-11-12 17:01:42,713 Test: [10/200]	Time 0.038 (0.196)	Loss 0.0108 (0.0578)
2023-11-12 17:01:43,034 Test: [20/200]	Time 0.030 (0.118)	Loss 0.0347 (0.0611)
2023-11-12 17:01:43,349 Test: [30/200]	Time 0.031 (0.090)	Loss 0.0747 (0.0672)
2023-11-12 17:01:43,704 Test: [40/200]	Time 0.031 (0.077)	Loss 0.0550 (0.0702)
2023-11-12 17:01:44,046 Test: [50/200]	Time 0.032 (0.068)	Loss 0.0922 (0.0704)
2023-11-12 17:01:44,365 Test: [60/200]	Time 0.030 (0.062)	Loss 0.0820 (0.0731)
2023-11-12 17:01:44,678 Test: [70/200]	Time 0.030 (0.058)	Loss 0.0698 (0.0736)
2023-11-12 17:01:45,007 Test: [80/200]	Time 0.031 (0.055)	Loss 0.0758 (0.0719)
2023-11-12 17:01:45,320 Test: [90/200]	Time 0.033 (0.052)	Loss 0.1051 (0.0730)
2023-11-12 17:01:45,639 Test: [100/200]	Time 0.030 (0.050)	Loss 0.0775 (0.0721)
2023-11-12 17:01:45,950 Test: [110/200]	Time 0.030 (0.049)	Loss 0.1577 (0.0727)
2023-11-12 17:01:46,264 Test: [120/200]	Time 0.032 (0.047)	Loss 0.0855 (0.0713)
2023-11-12 17:01:46,598 Test: [130/200]	Time 0.032 (0.046)	Loss 0.0742 (0.0717)
2023-11-12 17:01:46,926 Test: [140/200]	Time 0.030 (0.045)	Loss 0.0680 (0.0713)
2023-11-12 17:01:47,251 Test: [150/200]	Time 0.031 (0.044)	Loss 0.0615 (0.0703)
2023-11-12 17:01:47,573 Test: [160/200]	Time 0.031 (0.044)	Loss 0.0724 (0.0697)
2023-11-12 17:01:47,884 Test: [170/200]	Time 0.029 (0.043)	Loss 0.0719 (0.0690)
2023-11-12 17:01:48,210 Test: [180/200]	Time 0.034 (0.042)	Loss 0.0432 (0.0683)
2023-11-12 17:01:48,541 Test: [190/200]	Time 0.030 (0.042)	Loss 0.0387 (0.0680)
2023-11-12 17:01:49,451 Mean IoU score: 0.836
2023-11-12 17:01:49,454 => saving checkpoint to out
2023-11-12 17:01:51,920 Epoch: [10][0/200]	Time 2.451s (2.451s)	Speed 13.1 samples/s	Data 1.921s (1.921s)	Loss 0.01311 (0.01311)
2023-11-12 17:01:56,078 Epoch: [10][10/200]	Time 0.411s (0.601s)	Speed 77.8 samples/s	Data 0.000s (0.175s)	Loss 0.01079 (0.01219)
2023-11-12 17:02:00,341 Epoch: [10][20/200]	Time 0.435s (0.518s)	Speed 73.5 samples/s	Data 0.000s (0.092s)	Loss 0.01074 (0.01204)
2023-11-12 17:02:04,603 Epoch: [10][30/200]	Time 0.405s (0.488s)	Speed 79.0 samples/s	Data 0.000s (0.062s)	Loss 0.01235 (0.01204)
2023-11-12 17:02:08,852 Epoch: [10][40/200]	Time 0.427s (0.473s)	Speed 75.0 samples/s	Data 0.001s (0.047s)	Loss 0.01460 (0.01234)
2023-11-12 17:02:13,064 Epoch: [10][50/200]	Time 0.418s (0.463s)	Speed 76.6 samples/s	Data 0.001s (0.038s)	Loss 0.01371 (0.01248)
2023-11-12 17:02:17,273 Epoch: [10][60/200]	Time 0.427s (0.456s)	Speed 75.0 samples/s	Data 0.000s (0.032s)	Loss 0.01155 (0.01236)
2023-11-12 17:02:21,512 Epoch: [10][70/200]	Time 0.431s (0.451s)	Speed 74.2 samples/s	Data 0.000s (0.027s)	Loss 0.00999 (0.01233)
2023-11-12 17:02:25,702 Epoch: [10][80/200]	Time 0.417s (0.447s)	Speed 76.6 samples/s	Data 0.000s (0.024s)	Loss 0.01177 (0.01234)
2023-11-12 17:02:30,118 Epoch: [10][90/200]	Time 0.483s (0.447s)	Speed 66.2 samples/s	Data 0.000s (0.021s)	Loss 0.01606 (0.01239)
2023-11-12 17:02:34,668 Epoch: [10][100/200]	Time 0.441s (0.448s)	Speed 72.6 samples/s	Data 0.000s (0.019s)	Loss 0.01142 (0.01234)
2023-11-12 17:02:38,989 Epoch: [10][110/200]	Time 0.468s (0.446s)	Speed 68.4 samples/s	Data 0.000s (0.018s)	Loss 0.01317 (0.01230)
2023-11-12 17:02:43,516 Epoch: [10][120/200]	Time 0.477s (0.447s)	Speed 67.1 samples/s	Data 0.000s (0.016s)	Loss 0.01523 (0.01231)
2023-11-12 17:02:47,833 Epoch: [10][130/200]	Time 0.440s (0.446s)	Speed 72.8 samples/s	Data 0.001s (0.015s)	Loss 0.01280 (0.01229)
2023-11-12 17:02:52,430 Epoch: [10][140/200]	Time 0.445s (0.447s)	Speed 72.0 samples/s	Data 0.000s (0.014s)	Loss 0.01447 (0.01233)
2023-11-12 17:02:56,733 Epoch: [10][150/200]	Time 0.444s (0.445s)	Speed 72.1 samples/s	Data 0.000s (0.013s)	Loss 0.01140 (0.01232)
2023-11-12 17:03:01,286 Epoch: [10][160/200]	Time 0.419s (0.446s)	Speed 76.3 samples/s	Data 0.000s (0.012s)	Loss 0.01104 (0.01231)
2023-11-12 17:03:05,884 Epoch: [10][170/200]	Time 0.486s (0.447s)	Speed 65.9 samples/s	Data 0.001s (0.012s)	Loss 0.01370 (0.01233)
2023-11-12 17:03:10,262 Epoch: [10][180/200]	Time 0.412s (0.446s)	Speed 77.7 samples/s	Data 0.000s (0.011s)	Loss 0.01550 (0.01237)
2023-11-12 17:03:14,494 Epoch: [10][190/200]	Time 0.421s (0.445s)	Speed 76.0 samples/s	Data 0.000s (0.010s)	Loss 0.01245 (0.01237)
2023-11-12 17:03:20,322 Test: [0/200]	Time 1.807 (1.807)	Loss 0.0932 (0.0932)
2023-11-12 17:03:20,711 Test: [10/200]	Time 0.035 (0.200)	Loss 0.0114 (0.0615)
2023-11-12 17:03:21,102 Test: [20/200]	Time 0.036 (0.123)	Loss 0.0306 (0.0622)
2023-11-12 17:03:21,500 Test: [30/200]	Time 0.041 (0.096)	Loss 0.0846 (0.0683)
2023-11-12 17:03:21,949 Test: [40/200]	Time 0.036 (0.084)	Loss 0.0669 (0.0716)
2023-11-12 17:03:22,326 Test: [50/200]	Time 0.034 (0.075)	Loss 0.0947 (0.0715)
2023-11-12 17:03:22,700 Test: [60/200]	Time 0.034 (0.069)	Loss 0.1117 (0.0751)
2023-11-12 17:03:23,109 Test: [70/200]	Time 0.042 (0.065)	Loss 0.0702 (0.0758)
2023-11-12 17:03:23,465 Test: [80/200]	Time 0.032 (0.061)	Loss 0.0731 (0.0745)
2023-11-12 17:03:23,829 Test: [90/200]	Time 0.038 (0.058)	Loss 0.0773 (0.0754)
2023-11-12 17:03:24,223 Test: [100/200]	Time 0.052 (0.056)	Loss 0.0831 (0.0743)
2023-11-12 17:03:24,644 Test: [110/200]	Time 0.042 (0.055)	Loss 0.1812 (0.0753)
2023-11-12 17:03:25,037 Test: [120/200]	Time 0.032 (0.054)	Loss 0.0874 (0.0737)
2023-11-12 17:03:25,446 Test: [130/200]	Time 0.037 (0.053)	Loss 0.0512 (0.0745)
2023-11-12 17:03:25,790 Test: [140/200]	Time 0.032 (0.052)	Loss 0.0504 (0.0742)
2023-11-12 17:03:26,183 Test: [150/200]	Time 0.030 (0.051)	Loss 0.0643 (0.0733)
2023-11-12 17:03:26,552 Test: [160/200]	Time 0.029 (0.050)	Loss 0.0846 (0.0731)
2023-11-12 17:03:26,883 Test: [170/200]	Time 0.031 (0.049)	Loss 0.0849 (0.0722)
2023-11-12 17:03:27,278 Test: [180/200]	Time 0.029 (0.048)	Loss 0.0337 (0.0715)
2023-11-12 17:03:27,660 Test: [190/200]	Time 0.032 (0.048)	Loss 0.0391 (0.0712)
2023-11-12 17:03:28,752 Mean IoU score: 0.831
2023-11-12 17:03:28,755 => saving checkpoint to out
2023-11-12 17:03:31,246 Epoch: [11][0/200]	Time 2.480s (2.480s)	Speed 12.9 samples/s	Data 1.999s (1.999s)	Loss 0.01158 (0.01158)
2023-11-12 17:03:35,442 Epoch: [11][10/200]	Time 0.414s (0.607s)	Speed 77.3 samples/s	Data 0.000s (0.182s)	Loss 0.00941 (0.01196)
2023-11-12 17:03:39,658 Epoch: [11][20/200]	Time 0.419s (0.519s)	Speed 76.5 samples/s	Data 0.001s (0.095s)	Loss 0.01056 (0.01170)
2023-11-12 17:03:43,912 Epoch: [11][30/200]	Time 0.419s (0.489s)	Speed 76.4 samples/s	Data 0.000s (0.065s)	Loss 0.01003 (0.01149)
2023-11-12 17:03:48,154 Epoch: [11][40/200]	Time 0.427s (0.473s)	Speed 74.9 samples/s	Data 0.000s (0.049s)	Loss 0.01005 (0.01150)
2023-11-12 17:03:52,396 Epoch: [11][50/200]	Time 0.415s (0.463s)	Speed 77.2 samples/s	Data 0.000s (0.039s)	Loss 0.00958 (0.01156)
2023-11-12 17:03:56,574 Epoch: [11][60/200]	Time 0.414s (0.456s)	Speed 77.3 samples/s	Data 0.001s (0.033s)	Loss 0.01047 (0.01147)
2023-11-12 17:04:00,786 Epoch: [11][70/200]	Time 0.436s (0.451s)	Speed 73.4 samples/s	Data 0.000s (0.028s)	Loss 0.01260 (0.01153)
2023-11-12 17:04:05,114 Epoch: [11][80/200]	Time 0.451s (0.449s)	Speed 70.9 samples/s	Data 0.000s (0.025s)	Loss 0.01108 (0.01148)
2023-11-12 17:04:09,494 Epoch: [11][90/200]	Time 0.432s (0.448s)	Speed 74.2 samples/s	Data 0.000s (0.022s)	Loss 0.00985 (0.01147)
2023-11-12 17:04:13,812 Epoch: [11][100/200]	Time 0.427s (0.446s)	Speed 75.0 samples/s	Data 0.000s (0.020s)	Loss 0.01166 (0.01144)
2023-11-12 17:04:18,156 Epoch: [11][110/200]	Time 0.422s (0.445s)	Speed 75.7 samples/s	Data 0.000s (0.018s)	Loss 0.00970 (0.01150)
2023-11-12 17:04:22,435 Epoch: [11][120/200]	Time 0.431s (0.444s)	Speed 74.2 samples/s	Data 0.001s (0.017s)	Loss 0.01173 (0.01155)
2023-11-12 17:04:26,683 Epoch: [11][130/200]	Time 0.429s (0.442s)	Speed 74.7 samples/s	Data 0.000s (0.015s)	Loss 0.01499 (0.01153)
2023-11-12 17:04:30,858 Epoch: [11][140/200]	Time 0.403s (0.440s)	Speed 79.5 samples/s	Data 0.000s (0.014s)	Loss 0.01426 (0.01153)
2023-11-12 17:04:35,064 Epoch: [11][150/200]	Time 0.416s (0.439s)	Speed 77.0 samples/s	Data 0.000s (0.013s)	Loss 0.01144 (0.01153)
2023-11-12 17:04:39,295 Epoch: [11][160/200]	Time 0.407s (0.438s)	Speed 78.7 samples/s	Data 0.000s (0.013s)	Loss 0.00847 (0.01154)
2023-11-12 17:04:43,540 Epoch: [11][170/200]	Time 0.424s (0.437s)	Speed 75.5 samples/s	Data 0.000s (0.012s)	Loss 0.01358 (0.01159)
2023-11-12 17:04:47,804 Epoch: [11][180/200]	Time 0.448s (0.437s)	Speed 71.5 samples/s	Data 0.000s (0.011s)	Loss 0.00962 (0.01159)
2023-11-12 17:04:52,092 Epoch: [11][190/200]	Time 0.440s (0.436s)	Speed 72.8 samples/s	Data 0.000s (0.011s)	Loss 0.01327 (0.01163)
2023-11-12 17:04:57,880 Test: [0/200]	Time 1.757 (1.757)	Loss 0.0781 (0.0781)
2023-11-12 17:04:58,208 Test: [10/200]	Time 0.029 (0.190)	Loss 0.0098 (0.0514)
2023-11-12 17:04:58,541 Test: [20/200]	Time 0.030 (0.115)	Loss 0.0265 (0.0568)
2023-11-12 17:04:58,891 Test: [30/200]	Time 0.031 (0.089)	Loss 0.0754 (0.0633)
2023-11-12 17:04:59,227 Test: [40/200]	Time 0.030 (0.076)	Loss 0.0712 (0.0667)
2023-11-12 17:04:59,575 Test: [50/200]	Time 0.030 (0.068)	Loss 0.0955 (0.0668)
2023-11-12 17:04:59,899 Test: [60/200]	Time 0.034 (0.062)	Loss 0.0691 (0.0697)
2023-11-12 17:05:00,232 Test: [70/200]	Time 0.030 (0.058)	Loss 0.0619 (0.0702)
2023-11-12 17:05:00,586 Test: [80/200]	Time 0.030 (0.055)	Loss 0.0698 (0.0686)
2023-11-12 17:05:00,947 Test: [90/200]	Time 0.037 (0.053)	Loss 0.1178 (0.0706)
2023-11-12 17:05:01,313 Test: [100/200]	Time 0.030 (0.051)	Loss 0.0753 (0.0695)
2023-11-12 17:05:01,637 Test: [110/200]	Time 0.029 (0.050)	Loss 0.1693 (0.0706)
2023-11-12 17:05:01,965 Test: [120/200]	Time 0.029 (0.048)	Loss 0.0809 (0.0691)
2023-11-12 17:05:02,329 Test: [130/200]	Time 0.029 (0.047)	Loss 0.0544 (0.0696)
2023-11-12 17:05:02,637 Test: [140/200]	Time 0.029 (0.046)	Loss 0.0781 (0.0695)
2023-11-12 17:05:02,951 Test: [150/200]	Time 0.029 (0.045)	Loss 0.0657 (0.0685)
2023-11-12 17:05:03,263 Test: [160/200]	Time 0.031 (0.044)	Loss 0.0853 (0.0679)
2023-11-12 17:05:03,580 Test: [170/200]	Time 0.031 (0.044)	Loss 0.0919 (0.0671)
2023-11-12 17:05:03,926 Test: [180/200]	Time 0.030 (0.043)	Loss 0.0392 (0.0663)
2023-11-12 17:05:04,261 Test: [190/200]	Time 0.039 (0.043)	Loss 0.0334 (0.0661)
2023-11-12 17:05:05,172 Mean IoU score: 0.843
2023-11-12 17:05:05,175 => saving checkpoint to out
2023-11-12 17:05:07,535 Epoch: [12][0/200]	Time 2.347s (2.347s)	Speed 13.6 samples/s	Data 1.899s (1.899s)	Loss 0.00934 (0.00934)
2023-11-12 17:05:11,833 Epoch: [12][10/200]	Time 0.415s (0.604s)	Speed 77.1 samples/s	Data 0.001s (0.173s)	Loss 0.01000 (0.01067)
2023-11-12 17:05:15,984 Epoch: [12][20/200]	Time 0.408s (0.514s)	Speed 78.4 samples/s	Data 0.000s (0.091s)	Loss 0.01006 (0.01076)
2023-11-12 17:05:20,094 Epoch: [12][30/200]	Time 0.414s (0.481s)	Speed 77.2 samples/s	Data 0.000s (0.062s)	Loss 0.00804 (0.01083)
2023-11-12 17:05:24,261 Epoch: [12][40/200]	Time 0.412s (0.465s)	Speed 77.6 samples/s	Data 0.000s (0.047s)	Loss 0.00823 (0.01080)
2023-11-12 17:05:28,442 Epoch: [12][50/200]	Time 0.416s (0.456s)	Speed 77.0 samples/s	Data 0.000s (0.037s)	Loss 0.01071 (0.01094)
2023-11-12 17:05:32,602 Epoch: [12][60/200]	Time 0.411s (0.449s)	Speed 77.9 samples/s	Data 0.000s (0.031s)	Loss 0.01234 (0.01101)
2023-11-12 17:05:36,757 Epoch: [12][70/200]	Time 0.414s (0.445s)	Speed 77.2 samples/s	Data 0.000s (0.027s)	Loss 0.01175 (0.01100)
2023-11-12 17:05:41,310 Epoch: [12][80/200]	Time 0.469s (0.446s)	Speed 68.2 samples/s	Data 0.000s (0.024s)	Loss 0.01012 (0.01108)
2023-11-12 17:05:46,073 Epoch: [12][90/200]	Time 0.506s (0.449s)	Speed 63.2 samples/s	Data 0.000s (0.021s)	Loss 0.01123 (0.01107)
2023-11-12 17:05:50,808 Epoch: [12][100/200]	Time 0.461s (0.452s)	Speed 69.4 samples/s	Data 0.000s (0.019s)	Loss 0.01260 (0.01103)
2023-11-12 17:05:55,139 Epoch: [12][110/200]	Time 0.415s (0.450s)	Speed 77.0 samples/s	Data 0.001s (0.017s)	Loss 0.01303 (0.01102)
2023-11-12 17:05:59,386 Epoch: [12][120/200]	Time 0.422s (0.448s)	Speed 75.9 samples/s	Data 0.000s (0.016s)	Loss 0.01023 (0.01102)
2023-11-12 17:06:03,633 Epoch: [12][130/200]	Time 0.427s (0.446s)	Speed 75.0 samples/s	Data 0.000s (0.015s)	Loss 0.01273 (0.01109)
2023-11-12 17:06:07,862 Epoch: [12][140/200]	Time 0.417s (0.444s)	Speed 76.8 samples/s	Data 0.000s (0.014s)	Loss 0.01345 (0.01107)
2023-11-12 17:06:12,071 Epoch: [12][150/200]	Time 0.418s (0.443s)	Speed 76.6 samples/s	Data 0.000s (0.013s)	Loss 0.01243 (0.01109)
2023-11-12 17:06:16,278 Epoch: [12][160/200]	Time 0.418s (0.442s)	Speed 76.6 samples/s	Data 0.001s (0.012s)	Loss 0.01081 (0.01106)
2023-11-12 17:06:20,512 Epoch: [12][170/200]	Time 0.418s (0.440s)	Speed 76.6 samples/s	Data 0.000s (0.011s)	Loss 0.00914 (0.01105)
2023-11-12 17:06:24,734 Epoch: [12][180/200]	Time 0.420s (0.439s)	Speed 76.3 samples/s	Data 0.000s (0.011s)	Loss 0.00965 (0.01101)
2023-11-12 17:06:29,007 Epoch: [12][190/200]	Time 0.428s (0.439s)	Speed 74.8 samples/s	Data 0.000s (0.010s)	Loss 0.01195 (0.01105)
2023-11-12 17:06:34,805 Test: [0/200]	Time 1.760 (1.760)	Loss 0.0891 (0.0891)
2023-11-12 17:06:35,139 Test: [10/200]	Time 0.030 (0.190)	Loss 0.0112 (0.0568)
2023-11-12 17:06:35,504 Test: [20/200]	Time 0.030 (0.117)	Loss 0.0334 (0.0565)
2023-11-12 17:06:35,819 Test: [30/200]	Time 0.030 (0.090)	Loss 0.0867 (0.0648)
2023-11-12 17:06:36,146 Test: [40/200]	Time 0.030 (0.076)	Loss 0.0582 (0.0672)
2023-11-12 17:06:36,466 Test: [50/200]	Time 0.030 (0.067)	Loss 0.1018 (0.0675)
2023-11-12 17:06:36,795 Test: [60/200]	Time 0.033 (0.061)	Loss 0.0964 (0.0707)
2023-11-12 17:06:37,107 Test: [70/200]	Time 0.028 (0.057)	Loss 0.0664 (0.0716)
2023-11-12 17:06:37,470 Test: [80/200]	Time 0.039 (0.055)	Loss 0.0770 (0.0705)
2023-11-12 17:06:37,781 Test: [90/200]	Time 0.031 (0.052)	Loss 0.1139 (0.0720)
2023-11-12 17:06:38,125 Test: [100/200]	Time 0.029 (0.050)	Loss 0.0894 (0.0710)
2023-11-12 17:06:38,451 Test: [110/200]	Time 0.031 (0.049)	Loss 0.1670 (0.0719)
2023-11-12 17:06:38,787 Test: [120/200]	Time 0.032 (0.047)	Loss 0.0831 (0.0703)
2023-11-12 17:06:39,120 Test: [130/200]	Time 0.030 (0.046)	Loss 0.0520 (0.0704)
2023-11-12 17:06:39,434 Test: [140/200]	Time 0.029 (0.045)	Loss 0.0667 (0.0702)
2023-11-12 17:06:39,761 Test: [150/200]	Time 0.031 (0.044)	Loss 0.0883 (0.0692)
2023-11-12 17:06:40,092 Test: [160/200]	Time 0.031 (0.044)	Loss 0.0893 (0.0687)
2023-11-12 17:06:40,418 Test: [170/200]	Time 0.032 (0.043)	Loss 0.0789 (0.0680)
2023-11-12 17:06:40,729 Test: [180/200]	Time 0.029 (0.042)	Loss 0.0392 (0.0674)
2023-11-12 17:06:41,057 Test: [190/200]	Time 0.030 (0.042)	Loss 0.0373 (0.0670)
2023-11-12 17:06:42,004 Mean IoU score: 0.840
2023-11-12 17:06:42,007 => saving checkpoint to out
2023-11-12 17:06:44,401 Epoch: [13][0/200]	Time 2.386s (2.386s)	Speed 13.4 samples/s	Data 1.911s (1.911s)	Loss 0.01141 (0.01141)
2023-11-12 17:06:48,820 Epoch: [13][10/200]	Time 0.424s (0.619s)	Speed 75.4 samples/s	Data 0.000s (0.174s)	Loss 0.01505 (0.01163)
2023-11-12 17:06:53,067 Epoch: [13][20/200]	Time 0.419s (0.526s)	Speed 76.4 samples/s	Data 0.000s (0.091s)	Loss 0.01229 (0.01123)
2023-11-12 17:06:57,246 Epoch: [13][30/200]	Time 0.408s (0.491s)	Speed 78.4 samples/s	Data 0.000s (0.062s)	Loss 0.00973 (0.01095)
2023-11-12 17:07:01,481 Epoch: [13][40/200]	Time 0.431s (0.475s)	Speed 74.3 samples/s	Data 0.000s (0.047s)	Loss 0.01078 (0.01082)
2023-11-12 17:07:05,734 Epoch: [13][50/200]	Time 0.433s (0.465s)	Speed 74.0 samples/s	Data 0.000s (0.038s)	Loss 0.00801 (0.01081)
2023-11-12 17:07:09,980 Epoch: [13][60/200]	Time 0.425s (0.458s)	Speed 75.3 samples/s	Data 0.000s (0.032s)	Loss 0.01090 (0.01074)
2023-11-12 17:07:14,220 Epoch: [13][70/200]	Time 0.422s (0.454s)	Speed 75.8 samples/s	Data 0.000s (0.027s)	Loss 0.01152 (0.01063)
2023-11-12 17:07:18,464 Epoch: [13][80/200]	Time 0.417s (0.450s)	Speed 76.7 samples/s	Data 0.000s (0.024s)	Loss 0.00814 (0.01068)
2023-11-12 17:07:22,712 Epoch: [13][90/200]	Time 0.423s (0.447s)	Speed 75.7 samples/s	Data 0.001s (0.021s)	Loss 0.00841 (0.01074)
2023-11-12 17:07:26,939 Epoch: [13][100/200]	Time 0.419s (0.445s)	Speed 76.3 samples/s	Data 0.000s (0.019s)	Loss 0.00966 (0.01082)
2023-11-12 17:07:31,172 Epoch: [13][110/200]	Time 0.438s (0.443s)	Speed 73.1 samples/s	Data 0.000s (0.017s)	Loss 0.01005 (0.01080)
2023-11-12 17:07:35,418 Epoch: [13][120/200]	Time 0.423s (0.441s)	Speed 75.7 samples/s	Data 0.000s (0.016s)	Loss 0.01029 (0.01071)
2023-11-12 17:07:39,646 Epoch: [13][130/200]	Time 0.421s (0.440s)	Speed 76.0 samples/s	Data 0.000s (0.015s)	Loss 0.01028 (0.01070)
2023-11-12 17:07:43,868 Epoch: [13][140/200]	Time 0.417s (0.439s)	Speed 76.7 samples/s	Data 0.000s (0.014s)	Loss 0.00840 (0.01067)
2023-11-12 17:07:48,122 Epoch: [13][150/200]	Time 0.420s (0.438s)	Speed 76.1 samples/s	Data 0.000s (0.013s)	Loss 0.01195 (0.01062)
2023-11-12 17:07:52,372 Epoch: [13][160/200]	Time 0.476s (0.437s)	Speed 67.2 samples/s	Data 0.000s (0.012s)	Loss 0.01092 (0.01066)
2023-11-12 17:07:56,846 Epoch: [13][170/200]	Time 0.416s (0.438s)	Speed 76.8 samples/s	Data 0.000s (0.011s)	Loss 0.01267 (0.01068)
2023-11-12 17:08:01,102 Epoch: [13][180/200]	Time 0.426s (0.437s)	Speed 75.1 samples/s	Data 0.001s (0.011s)	Loss 0.01008 (0.01069)
2023-11-12 17:08:05,455 Epoch: [13][190/200]	Time 0.442s (0.437s)	Speed 72.4 samples/s	Data 0.000s (0.010s)	Loss 0.01211 (0.01069)
2023-11-12 17:08:11,380 Test: [0/200]	Time 1.800 (1.800)	Loss 0.0795 (0.0795)
2023-11-12 17:08:11,695 Test: [10/200]	Time 0.030 (0.192)	Loss 0.0103 (0.0559)
2023-11-12 17:08:12,027 Test: [20/200]	Time 0.035 (0.117)	Loss 0.0287 (0.0598)
2023-11-12 17:08:12,356 Test: [30/200]	Time 0.029 (0.090)	Loss 0.0879 (0.0665)
2023-11-12 17:08:12,682 Test: [40/200]	Time 0.031 (0.076)	Loss 0.0726 (0.0684)
2023-11-12 17:08:12,997 Test: [50/200]	Time 0.031 (0.067)	Loss 0.1037 (0.0699)
2023-11-12 17:08:13,343 Test: [60/200]	Time 0.032 (0.062)	Loss 0.0937 (0.0733)
2023-11-12 17:08:13,655 Test: [70/200]	Time 0.030 (0.057)	Loss 0.0710 (0.0739)
2023-11-12 17:08:13,972 Test: [80/200]	Time 0.030 (0.054)	Loss 0.0687 (0.0726)
2023-11-12 17:08:14,288 Test: [90/200]	Time 0.030 (0.052)	Loss 0.0938 (0.0742)
2023-11-12 17:08:14,615 Test: [100/200]	Time 0.031 (0.050)	Loss 0.0825 (0.0730)
2023-11-12 17:08:14,924 Test: [110/200]	Time 0.029 (0.048)	Loss 0.1623 (0.0741)
2023-11-12 17:08:15,240 Test: [120/200]	Time 0.030 (0.047)	Loss 0.0862 (0.0721)
2023-11-12 17:08:15,578 Test: [130/200]	Time 0.032 (0.046)	Loss 0.0567 (0.0727)
2023-11-12 17:08:15,892 Test: [140/200]	Time 0.030 (0.045)	Loss 0.0627 (0.0722)
2023-11-12 17:08:16,209 Test: [150/200]	Time 0.032 (0.044)	Loss 0.0931 (0.0714)
2023-11-12 17:08:16,522 Test: [160/200]	Time 0.030 (0.043)	Loss 0.0751 (0.0710)
2023-11-12 17:08:16,850 Test: [170/200]	Time 0.032 (0.043)	Loss 0.0875 (0.0702)
2023-11-12 17:08:17,159 Test: [180/200]	Time 0.030 (0.042)	Loss 0.0366 (0.0697)
2023-11-12 17:08:17,477 Test: [190/200]	Time 0.029 (0.041)	Loss 0.0350 (0.0693)
2023-11-12 17:08:18,399 Mean IoU score: 0.840
2023-11-12 17:08:18,402 => saving checkpoint to out
2023-11-12 17:08:20,896 Epoch: [14][0/200]	Time 2.483s (2.483s)	Speed 12.9 samples/s	Data 1.848s (1.848s)	Loss 0.00752 (0.00752)
2023-11-12 17:08:25,731 Epoch: [14][10/200]	Time 0.433s (0.665s)	Speed 73.9 samples/s	Data 0.000s (0.168s)	Loss 0.00684 (0.00877)
2023-11-12 17:08:32,021 Epoch: [14][20/200]	Time 0.422s (0.648s)	Speed 75.8 samples/s	Data 0.000s (0.088s)	Loss 0.00929 (0.00929)
2023-11-12 17:08:36,310 Epoch: [14][30/200]	Time 0.432s (0.577s)	Speed 74.2 samples/s	Data 0.000s (0.060s)	Loss 0.00973 (0.00964)
2023-11-12 17:08:40,710 Epoch: [14][40/200]	Time 0.466s (0.544s)	Speed 68.6 samples/s	Data 0.001s (0.045s)	Loss 0.00990 (0.00958)
2023-11-12 17:08:45,157 Epoch: [14][50/200]	Time 0.452s (0.524s)	Speed 70.9 samples/s	Data 0.001s (0.036s)	Loss 0.00976 (0.00974)
2023-11-12 17:08:49,605 Epoch: [14][60/200]	Time 0.464s (0.511s)	Speed 68.9 samples/s	Data 0.000s (0.030s)	Loss 0.01020 (0.00975)
2023-11-12 17:08:53,890 Epoch: [14][70/200]	Time 0.411s (0.500s)	Speed 77.8 samples/s	Data 0.000s (0.026s)	Loss 0.00800 (0.00970)
2023-11-12 17:08:58,135 Epoch: [14][80/200]	Time 0.418s (0.490s)	Speed 76.6 samples/s	Data 0.000s (0.023s)	Loss 0.00796 (0.00969)
2023-11-12 17:09:02,356 Epoch: [14][90/200]	Time 0.421s (0.483s)	Speed 76.0 samples/s	Data 0.000s (0.020s)	Loss 0.00929 (0.00965)
2023-11-12 17:09:06,614 Epoch: [14][100/200]	Time 0.427s (0.477s)	Speed 74.9 samples/s	Data 0.000s (0.018s)	Loss 0.00717 (0.00970)
2023-11-12 17:09:10,885 Epoch: [14][110/200]	Time 0.419s (0.473s)	Speed 76.3 samples/s	Data 0.000s (0.017s)	Loss 0.01316 (0.00972)
2023-11-12 17:09:15,129 Epoch: [14][120/200]	Time 0.413s (0.469s)	Speed 77.5 samples/s	Data 0.001s (0.015s)	Loss 0.01130 (0.00984)
2023-11-12 17:09:19,435 Epoch: [14][130/200]	Time 0.417s (0.466s)	Speed 76.8 samples/s	Data 0.000s (0.014s)	Loss 0.00646 (0.00985)
2023-11-12 17:09:23,746 Epoch: [14][140/200]	Time 0.419s (0.463s)	Speed 76.3 samples/s	Data 0.000s (0.013s)	Loss 0.00887 (0.00993)
2023-11-12 17:09:28,083 Epoch: [14][150/200]	Time 0.429s (0.461s)	Speed 74.5 samples/s	Data 0.000s (0.012s)	Loss 0.01124 (0.00997)
2023-11-12 17:09:32,380 Epoch: [14][160/200]	Time 0.430s (0.459s)	Speed 74.5 samples/s	Data 0.000s (0.012s)	Loss 0.01326 (0.01005)
2023-11-12 17:09:36,629 Epoch: [14][170/200]	Time 0.432s (0.457s)	Speed 74.1 samples/s	Data 0.000s (0.011s)	Loss 0.01072 (0.01008)
2023-11-12 17:09:40,962 Epoch: [14][180/200]	Time 0.429s (0.456s)	Speed 74.7 samples/s	Data 0.000s (0.010s)	Loss 0.01151 (0.01014)
2023-11-12 17:09:45,305 Epoch: [14][190/200]	Time 0.425s (0.455s)	Speed 75.3 samples/s	Data 0.000s (0.010s)	Loss 0.01051 (0.01018)
2023-11-12 17:09:51,382 Test: [0/200]	Time 1.816 (1.816)	Loss 0.0815 (0.0815)
2023-11-12 17:09:51,722 Test: [10/200]	Time 0.034 (0.196)	Loss 0.0094 (0.0544)
2023-11-12 17:09:52,049 Test: [20/200]	Time 0.030 (0.118)	Loss 0.0279 (0.0573)
2023-11-12 17:09:52,362 Test: [30/200]	Time 0.031 (0.090)	Loss 0.0776 (0.0640)
2023-11-12 17:09:52,699 Test: [40/200]	Time 0.037 (0.076)	Loss 0.0534 (0.0664)
2023-11-12 17:09:53,015 Test: [50/200]	Time 0.031 (0.068)	Loss 0.0922 (0.0670)
2023-11-12 17:09:53,326 Test: [60/200]	Time 0.029 (0.062)	Loss 0.0979 (0.0701)
2023-11-12 17:09:53,651 Test: [70/200]	Time 0.030 (0.058)	Loss 0.0665 (0.0710)
2023-11-12 17:09:53,970 Test: [80/200]	Time 0.031 (0.054)	Loss 0.0778 (0.0699)
2023-11-12 17:09:54,286 Test: [90/200]	Time 0.031 (0.052)	Loss 0.0893 (0.0712)
2023-11-12 17:09:54,604 Test: [100/200]	Time 0.032 (0.050)	Loss 0.0896 (0.0700)
2023-11-12 17:09:54,920 Test: [110/200]	Time 0.031 (0.048)	Loss 0.1839 (0.0711)
2023-11-12 17:09:55,242 Test: [120/200]	Time 0.033 (0.047)	Loss 0.0883 (0.0697)
2023-11-12 17:09:55,559 Test: [130/200]	Time 0.030 (0.046)	Loss 0.0487 (0.0698)
2023-11-12 17:09:55,888 Test: [140/200]	Time 0.032 (0.045)	Loss 0.0721 (0.0694)
2023-11-12 17:09:56,214 Test: [150/200]	Time 0.031 (0.044)	Loss 0.0741 (0.0684)
2023-11-12 17:09:56,531 Test: [160/200]	Time 0.030 (0.043)	Loss 0.0683 (0.0682)
2023-11-12 17:09:56,866 Test: [170/200]	Time 0.030 (0.043)	Loss 0.0739 (0.0675)
2023-11-12 17:09:57,190 Test: [180/200]	Time 0.032 (0.042)	Loss 0.0335 (0.0667)
2023-11-12 17:09:57,505 Test: [190/200]	Time 0.031 (0.042)	Loss 0.0352 (0.0666)
2023-11-12 17:09:58,418 Mean IoU score: 0.840
2023-11-12 17:09:58,422 => saving checkpoint to out
2023-11-12 17:10:00,859 Epoch: [15][0/200]	Time 2.428s (2.428s)	Speed 13.2 samples/s	Data 1.915s (1.915s)	Loss 0.01021 (0.01021)
2023-11-12 17:10:05,304 Epoch: [15][10/200]	Time 0.445s (0.625s)	Speed 71.9 samples/s	Data 0.000s (0.175s)	Loss 0.00961 (0.00905)
2023-11-12 17:10:09,690 Epoch: [15][20/200]	Time 0.426s (0.536s)	Speed 75.1 samples/s	Data 0.000s (0.092s)	Loss 0.00844 (0.00912)
2023-11-12 17:10:13,976 Epoch: [15][30/200]	Time 0.425s (0.501s)	Speed 75.3 samples/s	Data 0.000s (0.062s)	Loss 0.00865 (0.00918)
2023-11-12 17:10:18,268 Epoch: [15][40/200]	Time 0.410s (0.484s)	Speed 78.0 samples/s	Data 0.000s (0.047s)	Loss 0.00840 (0.00931)
2023-11-12 17:10:22,557 Epoch: [15][50/200]	Time 0.433s (0.473s)	Speed 73.8 samples/s	Data 0.000s (0.038s)	Loss 0.00969 (0.00952)
2023-11-12 17:10:26,815 Epoch: [15][60/200]	Time 0.413s (0.465s)	Speed 77.5 samples/s	Data 0.000s (0.032s)	Loss 0.01064 (0.00972)
2023-11-12 17:10:31,111 Epoch: [15][70/200]	Time 0.432s (0.460s)	Speed 74.1 samples/s	Data 0.001s (0.027s)	Loss 0.01118 (0.00988)
2023-11-12 17:10:35,447 Epoch: [15][80/200]	Time 0.428s (0.457s)	Speed 74.8 samples/s	Data 0.001s (0.024s)	Loss 0.00882 (0.00988)
2023-11-12 17:10:39,740 Epoch: [15][90/200]	Time 0.423s (0.454s)	Speed 75.6 samples/s	Data 0.001s (0.021s)	Loss 0.01304 (0.00996)
2023-11-12 17:10:43,981 Epoch: [15][100/200]	Time 0.421s (0.451s)	Speed 76.0 samples/s	Data 0.000s (0.019s)	Loss 0.01297 (0.01007)
2023-11-12 17:10:48,183 Epoch: [15][110/200]	Time 0.422s (0.448s)	Speed 75.8 samples/s	Data 0.000s (0.018s)	Loss 0.01166 (0.01017)
2023-11-12 17:10:52,437 Epoch: [15][120/200]	Time 0.417s (0.446s)	Speed 76.7 samples/s	Data 0.000s (0.016s)	Loss 0.00867 (0.01019)
2023-11-12 17:10:56,557 Epoch: [15][130/200]	Time 0.409s (0.444s)	Speed 78.3 samples/s	Data 0.001s (0.015s)	Loss 0.01144 (0.01017)
2023-11-12 17:11:00,688 Epoch: [15][140/200]	Time 0.425s (0.442s)	Speed 75.3 samples/s	Data 0.001s (0.014s)	Loss 0.01130 (0.01011)
2023-11-12 17:11:04,905 Epoch: [15][150/200]	Time 0.457s (0.440s)	Speed 70.1 samples/s	Data 0.000s (0.013s)	Loss 0.01193 (0.01016)
2023-11-12 17:11:09,087 Epoch: [15][160/200]	Time 0.410s (0.439s)	Speed 78.0 samples/s	Data 0.000s (0.012s)	Loss 0.01445 (0.01023)
2023-11-12 17:11:13,361 Epoch: [15][170/200]	Time 0.418s (0.438s)	Speed 76.5 samples/s	Data 0.000s (0.011s)	Loss 0.01495 (0.01034)
2023-11-12 17:11:17,584 Epoch: [15][180/200]	Time 0.428s (0.437s)	Speed 74.8 samples/s	Data 0.001s (0.011s)	Loss 0.01417 (0.01041)
2023-11-12 17:11:21,889 Epoch: [15][190/200]	Time 0.416s (0.437s)	Speed 76.9 samples/s	Data 0.000s (0.010s)	Loss 0.01479 (0.01071)
2023-11-12 17:11:27,810 Test: [0/200]	Time 1.874 (1.874)	Loss 0.1266 (0.1266)
2023-11-12 17:11:28,144 Test: [10/200]	Time 0.029 (0.201)	Loss 0.0372 (0.1095)
2023-11-12 17:11:28,467 Test: [20/200]	Time 0.032 (0.121)	Loss 0.1009 (0.1095)
2023-11-12 17:11:28,810 Test: [30/200]	Time 0.030 (0.093)	Loss 0.1475 (0.1208)
2023-11-12 17:11:29,139 Test: [40/200]	Time 0.029 (0.078)	Loss 0.1042 (0.1264)
2023-11-12 17:11:29,498 Test: [50/200]	Time 0.037 (0.070)	Loss 0.1975 (0.1331)
2023-11-12 17:11:29,848 Test: [60/200]	Time 0.032 (0.064)	Loss 0.1463 (0.1354)
2023-11-12 17:11:30,196 Test: [70/200]	Time 0.031 (0.060)	Loss 0.1175 (0.1369)
2023-11-12 17:11:30,535 Test: [80/200]	Time 0.030 (0.057)	Loss 0.1107 (0.1353)
2023-11-12 17:11:30,849 Test: [90/200]	Time 0.034 (0.054)	Loss 0.2310 (0.1362)
2023-11-12 17:11:31,168 Test: [100/200]	Time 0.038 (0.052)	Loss 0.2469 (0.1347)
2023-11-12 17:11:31,523 Test: [110/200]	Time 0.030 (0.050)	Loss 0.2001 (0.1378)
2023-11-12 17:11:31,839 Test: [120/200]	Time 0.029 (0.049)	Loss 0.1039 (0.1342)
2023-11-12 17:11:32,209 Test: [130/200]	Time 0.029 (0.048)	Loss 0.1340 (0.1358)
2023-11-12 17:11:32,519 Test: [140/200]	Time 0.030 (0.047)	Loss 0.1614 (0.1352)
2023-11-12 17:11:32,840 Test: [150/200]	Time 0.033 (0.046)	Loss 0.0920 (0.1336)
2023-11-12 17:11:33,210 Test: [160/200]	Time 0.030 (0.045)	Loss 0.1760 (0.1335)
2023-11-12 17:11:33,527 Test: [170/200]	Time 0.039 (0.044)	Loss 0.1289 (0.1313)
2023-11-12 17:11:33,854 Test: [180/200]	Time 0.032 (0.044)	Loss 0.1061 (0.1307)
2023-11-12 17:11:34,162 Test: [190/200]	Time 0.029 (0.043)	Loss 0.1040 (0.1303)
2023-11-12 17:11:35,063 Mean IoU score: 0.723
2023-11-12 17:11:35,067 => saving checkpoint to out
2023-11-12 17:11:37,619 Epoch: [16][0/200]	Time 2.539s (2.539s)	Speed 12.6 samples/s	Data 1.919s (1.919s)	Loss 0.02921 (0.02921)
2023-11-12 17:11:43,503 Epoch: [16][10/200]	Time 0.663s (0.766s)	Speed 48.3 samples/s	Data 0.000s (0.174s)	Loss 0.03043 (0.02771)
2023-11-12 17:11:49,308 Epoch: [16][20/200]	Time 0.575s (0.677s)	Speed 55.6 samples/s	Data 0.000s (0.091s)	Loss 0.01906 (0.02388)
2023-11-12 17:11:54,282 Epoch: [16][30/200]	Time 0.413s (0.619s)	Speed 77.4 samples/s	Data 0.000s (0.062s)	Loss 0.02635 (0.02276)
2023-11-12 17:11:58,473 Epoch: [16][40/200]	Time 0.413s (0.571s)	Speed 77.5 samples/s	Data 0.001s (0.047s)	Loss 0.02242 (0.02311)
2023-11-12 17:12:02,698 Epoch: [16][50/200]	Time 0.434s (0.542s)	Speed 73.7 samples/s	Data 0.000s (0.038s)	Loss 0.02284 (0.02298)
2023-11-12 17:12:06,987 Epoch: [16][60/200]	Time 0.420s (0.523s)	Speed 76.3 samples/s	Data 0.000s (0.032s)	Loss 0.02574 (0.02270)
2023-11-12 17:12:11,297 Epoch: [16][70/200]	Time 0.438s (0.510s)	Speed 73.1 samples/s	Data 0.000s (0.027s)	Loss 0.01843 (0.02286)
2023-11-12 17:12:15,487 Epoch: [16][80/200]	Time 0.416s (0.499s)	Speed 76.8 samples/s	Data 0.000s (0.024s)	Loss 0.02893 (0.02267)
2023-11-12 17:12:19,692 Epoch: [16][90/200]	Time 0.412s (0.490s)	Speed 77.7 samples/s	Data 0.001s (0.021s)	Loss 0.02027 (0.02255)
2023-11-12 17:12:23,910 Epoch: [16][100/200]	Time 0.423s (0.483s)	Speed 75.7 samples/s	Data 0.000s (0.019s)	Loss 0.02794 (0.02256)
2023-11-12 17:12:28,168 Epoch: [16][110/200]	Time 0.419s (0.478s)	Speed 76.4 samples/s	Data 0.001s (0.018s)	Loss 0.02201 (0.02232)
2023-11-12 17:12:32,394 Epoch: [16][120/200]	Time 0.417s (0.474s)	Speed 76.8 samples/s	Data 0.000s (0.016s)	Loss 0.01411 (0.02216)
2023-11-12 17:12:36,547 Epoch: [16][130/200]	Time 0.415s (0.469s)	Speed 77.1 samples/s	Data 0.001s (0.015s)	Loss 0.01564 (0.02192)
2023-11-12 17:12:40,671 Epoch: [16][140/200]	Time 0.410s (0.465s)	Speed 78.1 samples/s	Data 0.001s (0.014s)	Loss 0.01567 (0.02168)
2023-11-12 17:12:44,818 Epoch: [16][150/200]	Time 0.414s (0.462s)	Speed 77.3 samples/s	Data 0.000s (0.013s)	Loss 0.01469 (0.02141)
2023-11-12 17:12:48,987 Epoch: [16][160/200]	Time 0.414s (0.459s)	Speed 77.3 samples/s	Data 0.000s (0.012s)	Loss 0.01509 (0.02126)
2023-11-12 17:12:53,093 Epoch: [16][170/200]	Time 0.411s (0.456s)	Speed 77.9 samples/s	Data 0.000s (0.012s)	Loss 0.01327 (0.02103)
2023-11-12 17:12:57,311 Epoch: [16][180/200]	Time 0.416s (0.454s)	Speed 76.9 samples/s	Data 0.000s (0.011s)	Loss 0.01527 (0.02083)
2023-11-12 17:13:01,514 Epoch: [16][190/200]	Time 0.418s (0.453s)	Speed 76.6 samples/s	Data 0.001s (0.010s)	Loss 0.01861 (0.02064)
2023-11-12 17:13:07,369 Test: [0/200]	Time 1.806 (1.806)	Loss 0.0787 (0.0787)
2023-11-12 17:13:07,726 Test: [10/200]	Time 0.031 (0.197)	Loss 0.0114 (0.0620)
2023-11-12 17:13:08,075 Test: [20/200]	Time 0.035 (0.120)	Loss 0.0425 (0.0654)
2023-11-12 17:13:08,419 Test: [30/200]	Time 0.040 (0.092)	Loss 0.1097 (0.0706)
2023-11-12 17:13:08,774 Test: [40/200]	Time 0.038 (0.078)	Loss 0.0587 (0.0727)
2023-11-12 17:13:09,105 Test: [50/200]	Time 0.031 (0.069)	Loss 0.0939 (0.0722)
2023-11-12 17:13:09,433 Test: [60/200]	Time 0.029 (0.063)	Loss 0.0758 (0.0744)
2023-11-12 17:13:09,763 Test: [70/200]	Time 0.030 (0.059)	Loss 0.0903 (0.0749)
2023-11-12 17:13:10,079 Test: [80/200]	Time 0.032 (0.056)	Loss 0.0628 (0.0732)
2023-11-12 17:13:10,395 Test: [90/200]	Time 0.036 (0.053)	Loss 0.0869 (0.0741)
2023-11-12 17:13:10,728 Test: [100/200]	Time 0.031 (0.051)	Loss 0.0828 (0.0735)
2023-11-12 17:13:11,053 Test: [110/200]	Time 0.031 (0.049)	Loss 0.1393 (0.0739)
2023-11-12 17:13:11,365 Test: [120/200]	Time 0.029 (0.048)	Loss 0.0934 (0.0723)
2023-11-12 17:13:11,681 Test: [130/200]	Time 0.030 (0.047)	Loss 0.0493 (0.0723)
2023-11-12 17:13:11,993 Test: [140/200]	Time 0.030 (0.046)	Loss 0.0712 (0.0717)
2023-11-12 17:13:12,319 Test: [150/200]	Time 0.029 (0.045)	Loss 0.0550 (0.0708)
2023-11-12 17:13:12,624 Test: [160/200]	Time 0.030 (0.044)	Loss 0.1027 (0.0705)
2023-11-12 17:13:12,922 Test: [170/200]	Time 0.029 (0.043)	Loss 0.1047 (0.0698)
2023-11-12 17:13:13,230 Test: [180/200]	Time 0.029 (0.042)	Loss 0.0392 (0.0690)
2023-11-12 17:13:13,535 Test: [190/200]	Time 0.029 (0.042)	Loss 0.0317 (0.0686)
2023-11-12 17:13:14,446 Mean IoU score: 0.827
2023-11-12 17:13:14,449 => saving checkpoint to out
2023-11-12 17:13:16,835 Epoch: [17][0/200]	Time 2.374s (2.374s)	Speed 13.5 samples/s	Data 1.895s (1.895s)	Loss 0.01373 (0.01373)
2023-11-12 17:13:21,147 Epoch: [17][10/200]	Time 0.418s (0.608s)	Speed 76.6 samples/s	Data 0.000s (0.173s)	Loss 0.01602 (0.01395)
2023-11-12 17:13:25,668 Epoch: [17][20/200]	Time 0.436s (0.534s)	Speed 73.5 samples/s	Data 0.000s (0.091s)	Loss 0.01337 (0.01371)
2023-11-12 17:13:30,032 Epoch: [17][30/200]	Time 0.420s (0.502s)	Speed 76.3 samples/s	Data 0.000s (0.061s)	Loss 0.01522 (0.01357)
2023-11-12 17:13:34,262 Epoch: [17][40/200]	Time 0.408s (0.483s)	Speed 78.4 samples/s	Data 0.001s (0.046s)	Loss 0.01020 (0.01336)
2023-11-12 17:13:38,431 Epoch: [17][50/200]	Time 0.413s (0.470s)	Speed 77.5 samples/s	Data 0.000s (0.037s)	Loss 0.01321 (0.01332)
2023-11-12 17:13:42,564 Epoch: [17][60/200]	Time 0.409s (0.461s)	Speed 78.3 samples/s	Data 0.000s (0.031s)	Loss 0.01272 (0.01304)
2023-11-12 17:13:46,676 Epoch: [17][70/200]	Time 0.404s (0.454s)	Speed 79.3 samples/s	Data 0.001s (0.027s)	Loss 0.01152 (0.01302)
2023-11-12 17:13:50,802 Epoch: [17][80/200]	Time 0.410s (0.449s)	Speed 78.1 samples/s	Data 0.000s (0.024s)	Loss 0.01395 (0.01293)
2023-11-12 17:13:54,981 Epoch: [17][90/200]	Time 0.415s (0.445s)	Speed 77.2 samples/s	Data 0.000s (0.021s)	Loss 0.01241 (0.01286)
2023-11-12 17:13:59,100 Epoch: [17][100/200]	Time 0.407s (0.442s)	Speed 78.6 samples/s	Data 0.000s (0.019s)	Loss 0.01757 (0.01289)
2023-11-12 17:14:03,310 Epoch: [17][110/200]	Time 0.426s (0.440s)	Speed 75.1 samples/s	Data 0.000s (0.017s)	Loss 0.01253 (0.01290)
2023-11-12 17:14:07,526 Epoch: [17][120/200]	Time 0.451s (0.439s)	Speed 70.9 samples/s	Data 0.001s (0.016s)	Loss 0.01237 (0.01288)
2023-11-12 17:14:11,699 Epoch: [17][130/200]	Time 0.417s (0.437s)	Speed 76.7 samples/s	Data 0.000s (0.015s)	Loss 0.00982 (0.01281)
2023-11-12 17:14:15,885 Epoch: [17][140/200]	Time 0.410s (0.436s)	Speed 78.1 samples/s	Data 0.000s (0.014s)	Loss 0.01012 (0.01274)
2023-11-12 17:14:20,245 Epoch: [17][150/200]	Time 0.422s (0.436s)	Speed 75.8 samples/s	Data 0.000s (0.013s)	Loss 0.01202 (0.01272)
2023-11-12 17:14:24,461 Epoch: [17][160/200]	Time 0.420s (0.435s)	Speed 76.1 samples/s	Data 0.001s (0.012s)	Loss 0.01143 (0.01267)
2023-11-12 17:14:28,609 Epoch: [17][170/200]	Time 0.414s (0.434s)	Speed 77.3 samples/s	Data 0.000s (0.011s)	Loss 0.01112 (0.01261)
2023-11-12 17:14:32,822 Epoch: [17][180/200]	Time 0.420s (0.433s)	Speed 76.2 samples/s	Data 0.000s (0.011s)	Loss 0.01130 (0.01257)
2023-11-12 17:14:37,014 Epoch: [17][190/200]	Time 0.408s (0.432s)	Speed 78.4 samples/s	Data 0.000s (0.010s)	Loss 0.01309 (0.01255)
2023-11-12 17:14:42,811 Test: [0/200]	Time 1.762 (1.762)	Loss 0.0666 (0.0666)
2023-11-12 17:14:43,143 Test: [10/200]	Time 0.030 (0.190)	Loss 0.0124 (0.0496)
2023-11-12 17:14:43,494 Test: [20/200]	Time 0.028 (0.116)	Loss 0.0311 (0.0540)
2023-11-12 17:14:43,837 Test: [30/200]	Time 0.031 (0.090)	Loss 0.0847 (0.0600)
2023-11-12 17:14:44,163 Test: [40/200]	Time 0.033 (0.076)	Loss 0.0457 (0.0625)
2023-11-12 17:14:44,514 Test: [50/200]	Time 0.030 (0.068)	Loss 0.0850 (0.0625)
2023-11-12 17:14:44,840 Test: [60/200]	Time 0.035 (0.062)	Loss 0.0934 (0.0652)
2023-11-12 17:14:45,163 Test: [70/200]	Time 0.030 (0.058)	Loss 0.0586 (0.0659)
2023-11-12 17:14:45,497 Test: [80/200]	Time 0.030 (0.055)	Loss 0.0707 (0.0650)
2023-11-12 17:14:45,819 Test: [90/200]	Time 0.033 (0.052)	Loss 0.0632 (0.0656)
2023-11-12 17:14:46,135 Test: [100/200]	Time 0.036 (0.050)	Loss 0.0777 (0.0644)
2023-11-12 17:14:46,458 Test: [110/200]	Time 0.030 (0.049)	Loss 0.1368 (0.0645)
2023-11-12 17:14:46,831 Test: [120/200]	Time 0.034 (0.048)	Loss 0.0770 (0.0628)
2023-11-12 17:14:47,147 Test: [130/200]	Time 0.032 (0.047)	Loss 0.0419 (0.0631)
2023-11-12 17:14:47,480 Test: [140/200]	Time 0.030 (0.046)	Loss 0.0654 (0.0629)
2023-11-12 17:14:47,814 Test: [150/200]	Time 0.030 (0.045)	Loss 0.0538 (0.0620)
2023-11-12 17:14:48,139 Test: [160/200]	Time 0.029 (0.044)	Loss 0.0804 (0.0619)
2023-11-12 17:14:48,472 Test: [170/200]	Time 0.031 (0.043)	Loss 0.0806 (0.0614)
2023-11-12 17:14:48,796 Test: [180/200]	Time 0.030 (0.043)	Loss 0.0401 (0.0610)
2023-11-12 17:14:49,137 Test: [190/200]	Time 0.031 (0.042)	Loss 0.0320 (0.0610)
2023-11-12 17:14:50,073 Mean IoU score: 0.850
2023-11-12 17:14:50,076 => saving checkpoint to out
2023-11-12 17:14:52,454 Epoch: [18][0/200]	Time 2.361s (2.361s)	Speed 13.6 samples/s	Data 1.885s (1.885s)	Loss 0.00919 (0.00919)
2023-11-12 17:14:56,662 Epoch: [18][10/200]	Time 0.438s (0.597s)	Speed 73.1 samples/s	Data 0.000s (0.172s)	Loss 0.01143 (0.01075)
2023-11-12 17:15:00,848 Epoch: [18][20/200]	Time 0.424s (0.512s)	Speed 75.4 samples/s	Data 0.000s (0.090s)	Loss 0.01129 (0.01102)
2023-11-12 17:15:05,060 Epoch: [18][30/200]	Time 0.424s (0.483s)	Speed 75.4 samples/s	Data 0.000s (0.061s)	Loss 0.01075 (0.01081)
2023-11-12 17:15:09,222 Epoch: [18][40/200]	Time 0.419s (0.467s)	Speed 76.4 samples/s	Data 0.000s (0.046s)	Loss 0.01305 (0.01055)
2023-11-12 17:15:13,472 Epoch: [18][50/200]	Time 0.444s (0.458s)	Speed 72.1 samples/s	Data 0.000s (0.037s)	Loss 0.01172 (0.01070)
2023-11-12 17:15:17,644 Epoch: [18][60/200]	Time 0.421s (0.452s)	Speed 76.0 samples/s	Data 0.000s (0.031s)	Loss 0.00941 (0.01067)
2023-11-12 17:15:21,863 Epoch: [18][70/200]	Time 0.419s (0.447s)	Speed 76.4 samples/s	Data 0.000s (0.027s)	Loss 0.01061 (0.01071)
2023-11-12 17:15:26,042 Epoch: [18][80/200]	Time 0.411s (0.444s)	Speed 77.8 samples/s	Data 0.000s (0.023s)	Loss 0.01167 (0.01071)
2023-11-12 17:15:30,275 Epoch: [18][90/200]	Time 0.424s (0.442s)	Speed 75.5 samples/s	Data 0.000s (0.021s)	Loss 0.00983 (0.01071)
2023-11-12 17:15:34,498 Epoch: [18][100/200]	Time 0.432s (0.440s)	Speed 74.1 samples/s	Data 0.000s (0.019s)	Loss 0.01183 (0.01078)
2023-11-12 17:15:38,714 Epoch: [18][110/200]	Time 0.437s (0.438s)	Speed 73.2 samples/s	Data 0.000s (0.017s)	Loss 0.01072 (0.01073)
2023-11-12 17:15:42,999 Epoch: [18][120/200]	Time 0.418s (0.437s)	Speed 76.5 samples/s	Data 0.000s (0.016s)	Loss 0.01470 (0.01070)
2023-11-12 17:15:47,221 Epoch: [18][130/200]	Time 0.422s (0.436s)	Speed 75.9 samples/s	Data 0.000s (0.015s)	Loss 0.01064 (0.01067)
2023-11-12 17:15:51,428 Epoch: [18][140/200]	Time 0.417s (0.435s)	Speed 76.8 samples/s	Data 0.000s (0.014s)	Loss 0.00932 (0.01071)
2023-11-12 17:15:55,630 Epoch: [18][150/200]	Time 0.413s (0.434s)	Speed 77.4 samples/s	Data 0.000s (0.013s)	Loss 0.00941 (0.01069)
2023-11-12 17:15:59,892 Epoch: [18][160/200]	Time 0.412s (0.434s)	Speed 77.6 samples/s	Data 0.000s (0.012s)	Loss 0.01170 (0.01065)
2023-11-12 17:16:04,267 Epoch: [18][170/200]	Time 0.425s (0.434s)	Speed 75.3 samples/s	Data 0.000s (0.011s)	Loss 0.01078 (0.01065)
2023-11-12 17:16:08,483 Epoch: [18][180/200]	Time 0.451s (0.433s)	Speed 70.9 samples/s	Data 0.000s (0.011s)	Loss 0.00903 (0.01063)
2023-11-12 17:16:12,727 Epoch: [18][190/200]	Time 0.417s (0.433s)	Speed 76.7 samples/s	Data 0.000s (0.010s)	Loss 0.01101 (0.01060)
2023-11-12 17:16:18,563 Test: [0/200]	Time 1.816 (1.816)	Loss 0.0711 (0.0711)
2023-11-12 17:16:18,913 Test: [10/200]	Time 0.032 (0.197)	Loss 0.0090 (0.0511)
2023-11-12 17:16:19,257 Test: [20/200]	Time 0.032 (0.120)	Loss 0.0278 (0.0553)
2023-11-12 17:16:19,631 Test: [30/200]	Time 0.031 (0.093)	Loss 0.0978 (0.0619)
2023-11-12 17:16:19,972 Test: [40/200]	Time 0.032 (0.079)	Loss 0.0500 (0.0635)
2023-11-12 17:16:20,314 Test: [50/200]	Time 0.033 (0.070)	Loss 0.0828 (0.0643)
2023-11-12 17:16:20,652 Test: [60/200]	Time 0.033 (0.064)	Loss 0.0953 (0.0680)
2023-11-12 17:16:20,981 Test: [70/200]	Time 0.029 (0.060)	Loss 0.0772 (0.0683)
2023-11-12 17:16:21,330 Test: [80/200]	Time 0.032 (0.057)	Loss 0.0656 (0.0671)
2023-11-12 17:16:21,673 Test: [90/200]	Time 0.034 (0.054)	Loss 0.0830 (0.0676)
2023-11-12 17:16:21,997 Test: [100/200]	Time 0.030 (0.052)	Loss 0.0754 (0.0666)
2023-11-12 17:16:22,315 Test: [110/200]	Time 0.030 (0.050)	Loss 0.1393 (0.0670)
2023-11-12 17:16:22,669 Test: [120/200]	Time 0.030 (0.049)	Loss 0.0838 (0.0652)
2023-11-12 17:16:22,997 Test: [130/200]	Time 0.029 (0.048)	Loss 0.0433 (0.0653)
2023-11-12 17:16:23,321 Test: [140/200]	Time 0.031 (0.047)	Loss 0.0574 (0.0652)
2023-11-12 17:16:23,665 Test: [150/200]	Time 0.031 (0.046)	Loss 0.0571 (0.0641)
2023-11-12 17:16:23,995 Test: [160/200]	Time 0.030 (0.045)	Loss 0.0719 (0.0638)
2023-11-12 17:16:24,329 Test: [170/200]	Time 0.032 (0.044)	Loss 0.0809 (0.0631)
2023-11-12 17:16:24,648 Test: [180/200]	Time 0.032 (0.044)	Loss 0.0391 (0.0627)
2023-11-12 17:16:24,959 Test: [190/200]	Time 0.030 (0.043)	Loss 0.0280 (0.0623)
2023-11-12 17:16:25,949 Mean IoU score: 0.850
2023-11-12 17:16:25,952 => saving checkpoint to out
2023-11-12 17:16:28,410 Epoch: [19][0/200]	Time 2.443s (2.443s)	Speed 13.1 samples/s	Data 1.914s (1.914s)	Loss 0.00821 (0.00821)
2023-11-12 17:16:32,987 Epoch: [19][10/200]	Time 0.426s (0.638s)	Speed 75.1 samples/s	Data 0.000s (0.174s)	Loss 0.01053 (0.00997)
2023-11-12 17:16:37,199 Epoch: [19][20/200]	Time 0.430s (0.535s)	Speed 74.4 samples/s	Data 0.000s (0.091s)	Loss 0.00910 (0.00976)
2023-11-12 17:16:41,372 Epoch: [19][30/200]	Time 0.416s (0.497s)	Speed 77.0 samples/s	Data 0.001s (0.062s)	Loss 0.01082 (0.00968)
2023-11-12 17:16:45,548 Epoch: [19][40/200]	Time 0.408s (0.478s)	Speed 78.4 samples/s	Data 0.000s (0.047s)	Loss 0.00892 (0.00973)
2023-11-12 17:16:49,665 Epoch: [19][50/200]	Time 0.407s (0.465s)	Speed 78.6 samples/s	Data 0.000s (0.038s)	Loss 0.00965 (0.00978)
2023-11-12 17:16:53,828 Epoch: [19][60/200]	Time 0.415s (0.457s)	Speed 77.1 samples/s	Data 0.000s (0.032s)	Loss 0.00977 (0.00967)
2023-11-12 17:16:57,950 Epoch: [19][70/200]	Time 0.415s (0.450s)	Speed 77.2 samples/s	Data 0.000s (0.027s)	Loss 0.00971 (0.00954)
2023-11-12 17:17:02,102 Epoch: [19][80/200]	Time 0.415s (0.446s)	Speed 77.1 samples/s	Data 0.000s (0.024s)	Loss 0.01180 (0.00956)
2023-11-12 17:17:06,236 Epoch: [19][90/200]	Time 0.414s (0.443s)	Speed 77.3 samples/s	Data 0.000s (0.021s)	Loss 0.00992 (0.00944)
2023-11-12 17:17:10,373 Epoch: [19][100/200]	Time 0.411s (0.440s)	Speed 77.8 samples/s	Data 0.000s (0.019s)	Loss 0.01121 (0.00947)
2023-11-12 17:17:14,551 Epoch: [19][110/200]	Time 0.431s (0.438s)	Speed 74.2 samples/s	Data 0.000s (0.017s)	Loss 0.00893 (0.00947)
2023-11-12 17:17:18,713 Epoch: [19][120/200]	Time 0.412s (0.436s)	Speed 77.7 samples/s	Data 0.000s (0.016s)	Loss 0.00955 (0.00947)
2023-11-12 17:17:22,914 Epoch: [19][130/200]	Time 0.414s (0.435s)	Speed 77.2 samples/s	Data 0.000s (0.015s)	Loss 0.01360 (0.00956)
2023-11-12 17:17:27,106 Epoch: [19][140/200]	Time 0.419s (0.434s)	Speed 76.4 samples/s	Data 0.000s (0.014s)	Loss 0.01098 (0.00962)
2023-11-12 17:17:31,262 Epoch: [19][150/200]	Time 0.404s (0.432s)	Speed 79.1 samples/s	Data 0.000s (0.013s)	Loss 0.00893 (0.00962)
2023-11-12 17:17:35,403 Epoch: [19][160/200]	Time 0.423s (0.431s)	Speed 75.6 samples/s	Data 0.000s (0.012s)	Loss 0.00958 (0.00961)
2023-11-12 17:17:39,533 Epoch: [19][170/200]	Time 0.414s (0.430s)	Speed 77.3 samples/s	Data 0.000s (0.011s)	Loss 0.01045 (0.00962)
2023-11-12 17:17:43,730 Epoch: [19][180/200]	Time 0.410s (0.430s)	Speed 78.0 samples/s	Data 0.000s (0.011s)	Loss 0.01023 (0.00961)
2023-11-12 17:17:47,978 Epoch: [19][190/200]	Time 0.431s (0.429s)	Speed 74.2 samples/s	Data 0.000s (0.010s)	Loss 0.00881 (0.00959)
2023-11-12 17:17:53,953 Test: [0/200]	Time 1.845 (1.845)	Loss 0.0647 (0.0647)
2023-11-12 17:17:54,284 Test: [10/200]	Time 0.030 (0.198)	Loss 0.0096 (0.0488)
2023-11-12 17:17:54,625 Test: [20/200]	Time 0.030 (0.120)	Loss 0.0247 (0.0534)
2023-11-12 17:17:54,942 Test: [30/200]	Time 0.038 (0.091)	Loss 0.0821 (0.0608)
2023-11-12 17:17:55,295 Test: [40/200]	Time 0.034 (0.078)	Loss 0.0531 (0.0628)
2023-11-12 17:17:55,674 Test: [50/200]	Time 0.029 (0.070)	Loss 0.0878 (0.0638)
2023-11-12 17:17:55,992 Test: [60/200]	Time 0.031 (0.064)	Loss 0.0942 (0.0665)
2023-11-12 17:17:56,311 Test: [70/200]	Time 0.030 (0.059)	Loss 0.0612 (0.0665)
2023-11-12 17:17:56,662 Test: [80/200]	Time 0.030 (0.056)	Loss 0.0686 (0.0652)
2023-11-12 17:17:56,976 Test: [90/200]	Time 0.032 (0.053)	Loss 0.0713 (0.0661)
2023-11-12 17:17:57,304 Test: [100/200]	Time 0.030 (0.051)	Loss 0.0669 (0.0651)
2023-11-12 17:17:57,638 Test: [110/200]	Time 0.030 (0.050)	Loss 0.1375 (0.0653)
2023-11-12 17:17:57,943 Test: [120/200]	Time 0.030 (0.048)	Loss 0.0697 (0.0635)
2023-11-12 17:17:58,268 Test: [130/200]	Time 0.029 (0.047)	Loss 0.0430 (0.0635)
2023-11-12 17:17:58,587 Test: [140/200]	Time 0.031 (0.046)	Loss 0.0701 (0.0633)
2023-11-12 17:17:58,904 Test: [150/200]	Time 0.031 (0.045)	Loss 0.0667 (0.0622)
2023-11-12 17:17:59,244 Test: [160/200]	Time 0.030 (0.044)	Loss 0.0760 (0.0620)
2023-11-12 17:17:59,560 Test: [170/200]	Time 0.030 (0.044)	Loss 0.0701 (0.0612)
2023-11-12 17:17:59,883 Test: [180/200]	Time 0.030 (0.043)	Loss 0.0438 (0.0607)
2023-11-12 17:18:00,203 Test: [190/200]	Time 0.033 (0.042)	Loss 0.0270 (0.0604)
2023-11-12 17:18:01,136 Mean IoU score: 0.856
2023-11-12 17:18:01,139 => saving checkpoint to out
2023-11-12 17:18:01,156 saving final model state to out\final_state.pth.tar
